{"D:\\Users\\dalia\\Documentos\\Alejo\\Bootcamp Backend Unal\\proyectos\\reto final\\env.ts":{"path":"D:\\Users\\dalia\\Documentos\\Alejo\\Bootcamp Backend Unal\\proyectos\\reto final\\env.ts","statementMap":{"0":{"start":{"line":2,"column":22},"end":{"line":4,"column":1}},"1":{"start":{"line":3,"column":4},"end":{"line":3,"column":62}},"2":{"start":{"line":5,"column":0},"end":{"line":5,"column":62}},"3":{"start":{"line":6,"column":14},"end":{"line":6,"column":79}},"4":{"start":{"line":7,"column":0},"end":{"line":14,"column":3}}},"fnMap":{"0":{"name":"(anonymous_0)","decl":{"start":{"line":2,"column":56},"end":{"line":2,"column":57}},"loc":{"start":{"line":2,"column":71},"end":{"line":4,"column":1}},"line":2}},"branchMap":{"0":{"loc":{"start":{"line":2,"column":22},"end":{"line":4,"column":1}},"type":"binary-expr","locations":[{"start":{"line":2,"column":23},"end":{"line":2,"column":27}},{"start":{"line":2,"column":31},"end":{"line":2,"column":51}},{"start":{"line":2,"column":56},"end":{"line":4,"column":1}}],"line":2},"1":{"loc":{"start":{"line":3,"column":11},"end":{"line":3,"column":61}},"type":"cond-expr","locations":[{"start":{"line":3,"column":37},"end":{"line":3,"column":40}},{"start":{"line":3,"column":43},"end":{"line":3,"column":61}}],"line":3},"2":{"loc":{"start":{"line":3,"column":12},"end":{"line":3,"column":33}},"type":"binary-expr","locations":[{"start":{"line":3,"column":12},"end":{"line":3,"column":15}},{"start":{"line":3,"column":19},"end":{"line":3,"column":33}}],"line":3}},"s":{"0":1,"1":1,"2":1,"3":1,"4":1},"f":{"0":1},"b":{"0":[1,1,1],"1":[0,1],"2":[1,1]},"inputSourceMap":{"version":3,"file":"env.js","sourceRoot":"","sources":["env.ts"],"names":[],"mappings":";;;;;AAcA,gFAAsC;AAEtC,kBAAe,aAAG,CAAC,KAAK,CAAC;IACxB,IAAI,EAAE,aAAG,CAAC,MAAM,CAAC,MAAM,CAAC,EAAE,MAAM,EAAE,MAAM,EAAE,CAAC;IAC3C,IAAI,EAAE,aAAG,CAAC,MAAM,CAAC,MAAM,EAAE;IACzB,OAAO,EAAE,aAAG,CAAC,MAAM,CAAC,MAAM,EAAE;IAC5B,QAAQ,EAAE,aAAG,CAAC,MAAM,CAAC,MAAM,EAAE;IAC5B,UAAU,EAAE,aAAG,CAAC,MAAM,CAAC,IAAI,CAAC,CAAC,OAAO,CAAU,CAAC;IAChD,QAAQ,EAAE,aAAG,CAAC,MAAM,CAAC,IAAI,CAAC,CAAC,aAAa,EAAE,YAAY,EAAE,MAAM,CAAU,CAAC;CACzE,CAAC,CAAA","sourcesContent":["/*\n|--------------------------------------------------------------------------\n| Validating Environment Variables\n|--------------------------------------------------------------------------\n|\n| In this file we define the rules for validating environment variables.\n| By performing validation we ensure that your application is running in\n| a stable environment with correct configuration values.\n|\n| This file is read automatically by the framework during the boot lifecycle\n| and hence do not rename or move this file to a different location.\n|\n*/\n\nimport Env from '@ioc:Adonis/Core/Env'\n\nexport default Env.rules({\n\tHOST: Env.schema.string({ format: 'host' }),\n\tPORT: Env.schema.number(),\n\tAPP_KEY: Env.schema.string(),\n\tAPP_NAME: Env.schema.string(),\n  DRIVE_DISK: Env.schema.enum(['local'] as const),\n\tNODE_ENV: Env.schema.enum(['development', 'production', 'test'] as const),\n})\n"]},"_coverageSchema":"1a1c01bbd47fc00a2c39e90264f33305004495a9","hash":"8be5e48e2822ffea9068f6988aebc584e5b48617","contentHash":"d1d69b86cd95e8b3504d870a17be5a77a7af32126fef406ea3da52d64180054e"},"D:\\Users\\dalia\\Documentos\\Alejo\\Bootcamp Backend Unal\\proyectos\\reto final\\config\\app.ts":{"path":"D:\\Users\\dalia\\Documentos\\Alejo\\Bootcamp Backend Unal\\proyectos\\reto final\\config\\app.ts","statementMap":{"0":{"start":{"line":2,"column":22},"end":{"line":4,"column":1}},"1":{"start":{"line":3,"column":4},"end":{"line":3,"column":62}},"2":{"start":{"line":5,"column":0},"end":{"line":5,"column":62}},"3":{"start":{"line":6,"column":0},"end":{"line":6,"column":95}},"4":{"start":{"line":7,"column":21},"end":{"line":7,"column":59}},"5":{"start":{"line":8,"column":14},"end":{"line":8,"column":79}},"6":{"start":{"line":9,"column":0},"end":{"line":9,"column":46}},"7":{"start":{"line":10,"column":0},"end":{"line":26,"column":2}},"8":{"start":{"line":27,"column":0},"end":{"line":32,"column":2}},"9":{"start":{"line":33,"column":0},"end":{"line":37,"column":2}},"10":{"start":{"line":38,"column":0},"end":{"line":38,"column":23}}},"fnMap":{"0":{"name":"(anonymous_0)","decl":{"start":{"line":2,"column":56},"end":{"line":2,"column":57}},"loc":{"start":{"line":2,"column":71},"end":{"line":4,"column":1}},"line":2}},"branchMap":{"0":{"loc":{"start":{"line":2,"column":22},"end":{"line":4,"column":1}},"type":"binary-expr","locations":[{"start":{"line":2,"column":23},"end":{"line":2,"column":27}},{"start":{"line":2,"column":31},"end":{"line":2,"column":51}},{"start":{"line":2,"column":56},"end":{"line":4,"column":1}}],"line":2},"1":{"loc":{"start":{"line":3,"column":11},"end":{"line":3,"column":61}},"type":"cond-expr","locations":[{"start":{"line":3,"column":37},"end":{"line":3,"column":40}},{"start":{"line":3,"column":43},"end":{"line":3,"column":61}}],"line":3},"2":{"loc":{"start":{"line":3,"column":12},"end":{"line":3,"column":33}},"type":"binary-expr","locations":[{"start":{"line":3,"column":12},"end":{"line":3,"column":15}},{"start":{"line":3,"column":19},"end":{"line":3,"column":33}}],"line":3}},"s":{"0":1,"1":2,"2":1,"3":1,"4":1,"5":1,"6":1,"7":1,"8":1,"9":1,"10":1},"f":{"0":2},"b":{"0":[1,1,1],"1":[0,2],"2":[2,2]},"inputSourceMap":{"version":3,"file":"app.js","sourceRoot":"","sources":["app.ts"],"names":[],"mappings":";;;;;;AAOA,4DAAkC;AAClC,gFAAsC;AAmBzB,QAAA,MAAM,GAAW,aAAG,CAAC,GAAG,CAAC,SAAS,CAAC,CAAA;AAWnC,QAAA,IAAI,GAAiB;IAYhC,mBAAmB,EAAE,KAAK;IAO1B,eAAe,EAAE,CAAC;IAWlB,iBAAiB,EAAE,KAAK;IAWxB,UAAU,EAAE,oBAAS,CAAC,OAAO,CAAC,UAAU,CAAC;IAUzC,IAAI,EAAE,KAAK;IAOX,iBAAiB,EAAE,UAAU;IAO7B,MAAM,EAAE;QACN,MAAM,EAAE,EAAE;QACV,IAAI,EAAE,GAAG;QACT,MAAM,EAAE,IAAI;QACZ,QAAQ,EAAE,IAAI;QACd,MAAM,EAAE,KAAK;QACb,QAAQ,EAAE,KAAK;KAChB;IAkBD,yBAAyB,EAAE,kBAAkB;CAC9C,CAAA;AAOY,QAAA,MAAM,GAAiB;IAalC,IAAI,EAAE,aAAG,CAAC,GAAG,CAAC,UAAU,CAAC;IAUzB,OAAO,EAAE,IAAI;IAYb,KAAK,EAAE,aAAG,CAAC,GAAG,CAAC,WAAW,EAAE,MAAM,CAAC;IAWnC,WAAW,EAAE,aAAG,CAAC,GAAG,CAAC,UAAU,CAAC,KAAK,aAAa;CACnD,CAAA;AAOY,QAAA,QAAQ,GAAmB;IAStC,OAAO,EAAE,IAAI;IAWb,SAAS,EAAE,EAAE;IAWb,SAAS,EAAE,EAAE;CACd,CAAA;AAWY,QAAA,SAAS,GAAoB,EACzC,CAAA","sourcesContent":["/**\n * Config source: https://git.io/JfefZ\n *\n * Feel free to let us know via PR, if you find something broken in this config\n * file.\n */\n\nimport proxyAddr from 'proxy-addr'\nimport Env from '@ioc:Adonis/Core/Env'\nimport type { ServerConfig } from '@ioc:Adonis/Core/Server'\nimport type { LoggerConfig } from '@ioc:Adonis/Core/Logger'\nimport type { ProfilerConfig } from '@ioc:Adonis/Core/Profiler'\nimport type { ValidatorConfig } from '@ioc:Adonis/Core/Validator'\n\n/*\n|--------------------------------------------------------------------------\n| Application secret key\n|--------------------------------------------------------------------------\n|\n| The secret to encrypt and sign different values in your application.\n| Make sure to keep the `APP_KEY` as an environment variable and secure.\n|\n| Note: Changing the application key for an existing app will make all\n| the cookies invalid and also the existing encrypted data will not\n| be decrypted.\n|\n*/\nexport const appKey: string = Env.get('APP_KEY')\n\n/*\n|--------------------------------------------------------------------------\n| Http server configuration\n|--------------------------------------------------------------------------\n|\n| The configuration for the HTTP(s) server. Make sure to go through all\n| the config properties to make keep server secure.\n|\n*/\nexport const http: ServerConfig = {\n  /*\n  |--------------------------------------------------------------------------\n  | Allow method spoofing\n  |--------------------------------------------------------------------------\n  |\n  | Method spoofing enables defining custom HTTP methods using a query string\n  | `_method`. This is usually required when you are making traditional\n  | form requests and wants to use HTTP verbs like `PUT`, `DELETE` and\n  | so on.\n  |\n  */\n  allowMethodSpoofing: false,\n\n  /*\n  |--------------------------------------------------------------------------\n  | Subdomain offset\n  |--------------------------------------------------------------------------\n  */\n  subdomainOffset: 2,\n\n  /*\n  |--------------------------------------------------------------------------\n  | Request Ids\n  |--------------------------------------------------------------------------\n  |\n  | Setting this value to `true` will generate a unique request id for each\n  | HTTP request and set it as `x-request-id` header.\n  |\n  */\n  generateRequestId: false,\n\n  /*\n  |--------------------------------------------------------------------------\n  | Trusting proxy servers\n  |--------------------------------------------------------------------------\n  |\n  | Define the proxy servers that AdonisJs must trust for reading `X-Forwarded`\n  | headers.\n  |\n  */\n  trustProxy: proxyAddr.compile('loopback'),\n\n  /*\n  |--------------------------------------------------------------------------\n  | Generating Etag\n  |--------------------------------------------------------------------------\n  |\n  | Whether or not to generate an etag for every response.\n  |\n  */\n  etag: false,\n\n  /*\n  |--------------------------------------------------------------------------\n  | JSONP Callback\n  |--------------------------------------------------------------------------\n  */\n  jsonpCallbackName: 'callback',\n\n  /*\n  |--------------------------------------------------------------------------\n  | Cookie settings\n  |--------------------------------------------------------------------------\n  */\n  cookie: {\n    domain: '',\n    path: '/',\n    maxAge: '2h',\n    httpOnly: true,\n    secure: false,\n    sameSite: false,\n  },\n\n  /*\n  |--------------------------------------------------------------------------\n  | Force Content Negotiation\n  |--------------------------------------------------------------------------\n  |\n  | The internals of the framework relies on the content negotiation to\n  | detect the best possible response type for a given HTTP request.\n  |\n  | However, it is a very common these days that API servers always wants to\n  | make response in JSON regardless of the existence of the `Accept` header.\n  |\n  | By setting `forceContentNegotiationTo = 'application/json'`, you negotiate\n  | with the server in advance to always return JSON without relying on the\n  | client to set the header explicitly.\n  |\n  */\n  forceContentNegotiationTo: 'application/json',\n}\n\n/*\n|--------------------------------------------------------------------------\n| Logger\n|--------------------------------------------------------------------------\n*/\nexport const logger: LoggerConfig = {\n  /*\n  |--------------------------------------------------------------------------\n  | Application name\n  |--------------------------------------------------------------------------\n  |\n  | The name of the application you want to add to the log. It is recommended\n  | to always have app name in every log line.\n  |\n  | The `APP_NAME` environment variable is automatically set by AdonisJS by\n  | reading the `name` property from the `package.json` file.\n  |\n  */\n  name: Env.get('APP_NAME'),\n\n  /*\n  |--------------------------------------------------------------------------\n  | Toggle logger\n  |--------------------------------------------------------------------------\n  |\n  | Enable or disable logger application wide\n  |\n  */\n  enabled: true,\n\n  /*\n  |--------------------------------------------------------------------------\n  | Logging level\n  |--------------------------------------------------------------------------\n  |\n  | The level from which you want the logger to flush logs. It is recommended\n  | to make use of the environment variable, so that you can define log levels\n  | at deployment level and not code level.\n  |\n  */\n  level: Env.get('LOG_LEVEL', 'info'),\n\n  /*\n  |--------------------------------------------------------------------------\n  | Pretty print\n  |--------------------------------------------------------------------------\n  |\n  | It is highly advised NOT to use `prettyPrint` in production, since it\n  | can have huge impact on performance.\n  |\n  */\n  prettyPrint: Env.get('NODE_ENV') === 'development',\n}\n\n/*\n|--------------------------------------------------------------------------\n| Profiler\n|--------------------------------------------------------------------------\n*/\nexport const profiler: ProfilerConfig = {\n  /*\n  |--------------------------------------------------------------------------\n  | Toggle profiler\n  |--------------------------------------------------------------------------\n  |\n  | Enable or disable profiler\n  |\n  */\n  enabled: true,\n\n  /*\n  |--------------------------------------------------------------------------\n  | Blacklist actions/row labels\n  |--------------------------------------------------------------------------\n  |\n  | Define an array of actions or row labels that you want to disable from\n  | getting profiled.\n  |\n  */\n  blacklist: [],\n\n  /*\n  |--------------------------------------------------------------------------\n  | Whitelist actions/row labels\n  |--------------------------------------------------------------------------\n  |\n  | Define an array of actions or row labels that you want to whitelist for\n  | the profiler. When whitelist is defined, then `blacklist` is ignored.\n  |\n  */\n  whitelist: [],\n}\n\n/*\n|--------------------------------------------------------------------------\n| Validator\n|--------------------------------------------------------------------------\n|\n| Configure the global configuration for the validator. Here's the reference\n| to the default config https://git.io/JT0WE\n|\n*/\nexport const validator: ValidatorConfig = {\n}\n"]},"_coverageSchema":"1a1c01bbd47fc00a2c39e90264f33305004495a9","hash":"3adcf1b86404be4968ec75834f55ae067c0e506f","contentHash":"174cd8aee0459ad13fe49a61f2be1c3fd6e92bcd415c8877d9b8bdcc233b7f6d"},"D:\\Users\\dalia\\Documentos\\Alejo\\Bootcamp Backend Unal\\proyectos\\reto final\\config\\bodyparser.ts":{"path":"D:\\Users\\dalia\\Documentos\\Alejo\\Bootcamp Backend Unal\\proyectos\\reto final\\config\\bodyparser.ts","statementMap":{"0":{"start":{"line":2,"column":0},"end":{"line":2,"column":62}},"1":{"start":{"line":3,"column":25},"end":{"line":44,"column":1}},"2":{"start":{"line":45,"column":0},"end":{"line":45,"column":35}}},"fnMap":{},"branchMap":{},"s":{"0":1,"1":1,"2":1},"f":{},"b":{},"inputSourceMap":{"version":3,"file":"bodyparser.js","sourceRoot":"","sources":["bodyparser.ts"],"names":[],"mappings":";;AASA,MAAM,gBAAgB,GAAqB;IAUzC,kBAAkB,EAAE,CAAC,MAAM,EAAE,KAAK,EAAE,OAAO,EAAE,QAAQ,CAAC;IAWtD,IAAI,EAAE;QACJ,QAAQ,EAAE,OAAO;QACjB,KAAK,EAAE,KAAK;QACZ,MAAM,EAAE,IAAI;QACZ,KAAK,EAAE;YACL,kBAAkB;YAClB,6BAA6B;YAC7B,0BAA0B;YAC1B,wBAAwB;SACzB;KACF;IAWD,IAAI,EAAE;QACJ,QAAQ,EAAE,OAAO;QACjB,KAAK,EAAE,KAAK;QACZ,WAAW,EAAE,EAAE;QAYf,yBAAyB,EAAE,IAAI;QAE/B,KAAK,EAAE;YACL,mCAAmC;SACpC;KACF;IAYD,GAAG,EAAE;QACH,QAAQ,EAAE,OAAO;QACjB,KAAK,EAAE,KAAK;QACZ,WAAW,EAAE,EAAE;QACf,KAAK,EAAE;YACL,QAAQ;SACT;KACF;IAWD,SAAS,EAAE;QAcT,WAAW,EAAE,IAAI;QAsBjB,eAAe,EAAE,EAAE;QAuBnB,QAAQ,EAAE,OAAO;QAYjB,yBAAyB,EAAE,IAAI;QAW/B,SAAS,EAAE,IAAI;QAWf,KAAK,EAAE,MAAM;QAUb,KAAK,EAAE;YACL,qBAAqB;SACtB;KACF;CACF,CAAA;AAED,kBAAe,gBAAgB,CAAA","sourcesContent":["/**\n * Config source: https://git.io/Jfefn\n *\n * Feel free to let us know via PR, if you find something broken in this config\n * file.\n */\n\nimport type { BodyParserConfig } from '@ioc:Adonis/Core/BodyParser'\n\nconst bodyParserConfig: BodyParserConfig = {\n  /*\n  |--------------------------------------------------------------------------\n  | White listed methods\n  |--------------------------------------------------------------------------\n  |\n  | HTTP methods for which body parsing must be performed. It is a good practice\n  | to avoid body parsing for `GET` requests.\n  |\n  */\n  whitelistedMethods: ['POST', 'PUT', 'PATCH', 'DELETE'],\n\n  /*\n  |--------------------------------------------------------------------------\n  | JSON parser settings\n  |--------------------------------------------------------------------------\n  |\n  | The settings for the JSON parser. The types defines the request content\n  | types which gets processed by the JSON parser.\n  |\n  */\n  json: {\n    encoding: 'utf-8',\n    limit: '1mb',\n    strict: true,\n    types: [\n      'application/json',\n      'application/json-patch+json',\n      'application/vnd.api+json',\n      'application/csp-report',\n    ],\n  },\n\n  /*\n  |--------------------------------------------------------------------------\n  | Form parser settings\n  |--------------------------------------------------------------------------\n  |\n  | The settings for the `application/x-www-form-urlencoded` parser. The types\n  | defines the request content types which gets processed by the form parser.\n  |\n  */\n  form: {\n    encoding: 'utf-8',\n    limit: '1mb',\n    queryString: {},\n\n    /*\n    |--------------------------------------------------------------------------\n    | Convert empty strings to null\n    |--------------------------------------------------------------------------\n    |\n    | Convert empty form fields to null. HTML forms results in field string\n    | value when the field is left blank. This option normalizes all the blank\n    | field values to \"null\"\n    |\n    */\n    convertEmptyStringsToNull: true,\n\n    types: [\n      'application/x-www-form-urlencoded',\n    ],\n  },\n\n  /*\n  |--------------------------------------------------------------------------\n  | Raw body parser settings\n  |--------------------------------------------------------------------------\n  |\n  | Raw body just reads the request body stream as a plain text, which you\n  | can process by hand. This must be used when request body type is not\n  | supported by the body parser.\n  |\n  */\n  raw: {\n    encoding: 'utf-8',\n    limit: '1mb',\n    queryString: {},\n    types: [\n      'text/*',\n    ],\n  },\n\n  /*\n  |--------------------------------------------------------------------------\n  | Multipart parser settings\n  |--------------------------------------------------------------------------\n  |\n  | The settings for the `multipart/form-data` parser. The types defines the\n  | request content types which gets processed by the form parser.\n  |\n  */\n  multipart: {\n    /*\n    |--------------------------------------------------------------------------\n    | Auto process\n    |--------------------------------------------------------------------------\n    |\n    | The auto process option will process uploaded files and writes them to\n    | the `tmp` folder. You can turn it off and then manually use the stream\n    | to pipe stream to a different destination.\n    |\n    | It is recommended to keep `autoProcess=true`. Unless you are processing bigger\n    | file sizes.\n    |\n    */\n    autoProcess: true,\n\n    /*\n    |--------------------------------------------------------------------------\n    | Files to be processed manually\n    |--------------------------------------------------------------------------\n    |\n    | You can turn off `autoProcess` for certain routes by defining\n    | routes inside the following array.\n    |\n    | NOTE: Make sure the route pattern starts with a leading slash.\n    |\n    | Correct\n    | ```js\n    | /projects/:id/file\n    | ```\n    |\n    | Incorrect\n    | ```js\n    | projects/:id/file\n    | ```\n    */\n    processManually: [],\n\n    /*\n    |--------------------------------------------------------------------------\n    | Temporary file name\n    |--------------------------------------------------------------------------\n    |\n    | When auto processing is on. We will use this method to compute the temporary\n    | file name. AdonisJs will compute a unique `tmpPath` for you automatically,\n    | However, you can also define your own custom method.\n    |\n    */\n    // tmpFileName () {\n    // },\n\n    /*\n    |--------------------------------------------------------------------------\n    | Encoding\n    |--------------------------------------------------------------------------\n    |\n    | Request body encoding\n    |\n    */\n    encoding: 'utf-8',\n\n    /*\n    |--------------------------------------------------------------------------\n    | Convert empty strings to null\n    |--------------------------------------------------------------------------\n    |\n    | Convert empty form fields to null. HTML forms results in field string\n    | value when the field is left blank. This option normalizes all the blank\n    | field values to \"null\"\n    |\n    */\n    convertEmptyStringsToNull: true,\n\n    /*\n    |--------------------------------------------------------------------------\n    | Max Fields\n    |--------------------------------------------------------------------------\n    |\n    | The maximum number of fields allowed in the request body. The field includes\n    | text inputs and files both.\n    |\n    */\n    maxFields: 1000,\n\n    /*\n    |--------------------------------------------------------------------------\n    | Request body limit\n    |--------------------------------------------------------------------------\n    |\n    | The total limit to the multipart body. This includes all request files\n    | and fields data.\n    |\n    */\n    limit: '20mb',\n\n    /*\n    |--------------------------------------------------------------------------\n    | Types\n    |--------------------------------------------------------------------------\n    |\n    | The types that will be considered and parsed as multipart body.\n    |\n    */\n    types: [\n      'multipart/form-data',\n    ],\n  },\n}\n\nexport default bodyParserConfig\n"]},"_coverageSchema":"1a1c01bbd47fc00a2c39e90264f33305004495a9","hash":"a70619709f298f4897a6750313d9bd71b1816d55","contentHash":"5e47d5d8b13315108168b773c15065020c11c79b6659cba73b8c852c108dfb27"},"D:\\Users\\dalia\\Documentos\\Alejo\\Bootcamp Backend Unal\\proyectos\\reto final\\config\\cors.ts":{"path":"D:\\Users\\dalia\\Documentos\\Alejo\\Bootcamp Backend Unal\\proyectos\\reto final\\config\\cors.ts","statementMap":{"0":{"start":{"line":2,"column":0},"end":{"line":2,"column":62}},"1":{"start":{"line":3,"column":19},"end":{"line":18,"column":1}},"2":{"start":{"line":19,"column":0},"end":{"line":19,"column":29}}},"fnMap":{},"branchMap":{},"s":{"0":1,"1":1,"2":1},"f":{},"b":{},"inputSourceMap":{"version":3,"file":"cors.js","sourceRoot":"","sources":["cors.ts"],"names":[],"mappings":";;AASA,MAAM,UAAU,GAAe;IAa7B,OAAO,EAAE,KAAK;IAwBd,MAAM,EAAE,IAAI;IAYZ,OAAO,EAAE,CAAC,KAAK,EAAE,MAAM,EAAE,MAAM,EAAE,KAAK,EAAE,QAAQ,CAAC;IAmBjD,OAAO,EAAE,IAAI;IAsBb,aAAa,EAAE;QACb,eAAe;QACf,kBAAkB;QAClB,cAAc;QACd,SAAS;QACT,eAAe;QACf,QAAQ;KACT;IAaD,WAAW,EAAE,IAAI;IAWjB,MAAM,EAAE,EAAE;CACX,CAAA;AAED,kBAAe,UAAU,CAAA","sourcesContent":["/**\n * Config source: https://git.io/JfefC\n *\n * Feel free to let us know via PR, if you find something broken in this config\n * file.\n */\n\nimport type { CorsConfig } from '@ioc:Adonis/Core/Cors'\n\nconst corsConfig: CorsConfig = {\n  /*\n  |--------------------------------------------------------------------------\n  | Enabled\n  |--------------------------------------------------------------------------\n  |\n  | A boolean to enable or disable CORS integration from your AdonisJs\n  | application.\n  |\n  | Setting the value to `true` will enable the CORS for all HTTP request. However,\n  | you can define a function to enable/disable it on per request basis as well.\n  |\n  */\n  enabled: false,\n\n  // You can also use a function that return true or false.\n  // enabled: (request) => request.url().startsWith('/api')\n\n  /*\n  |--------------------------------------------------------------------------\n  | Origin\n  |--------------------------------------------------------------------------\n  |\n  | Set a list of origins to be allowed for `Access-Control-Allow-Origin`.\n  | The value can be one of the following:\n  |\n  | https://developer.mozilla.org/en-US/docs/Web/HTTP/Headers/Access-Control-Allow-Origin\n  |\n  | Boolean (true)    - Allow current request origin.\n  | Boolean (false)   - Disallow all.\n  | String            - Comma separated list of allowed origins.\n  | Array             - An array of allowed origins.\n  | String (*)        - A wildcard (*) to allow all request origins.\n  | Function          - Receives the current origin string and should return\n  |                     one of the above values.\n  |\n  */\n  origin: true,\n\n  /*\n  |--------------------------------------------------------------------------\n  | Methods\n  |--------------------------------------------------------------------------\n  |\n  | An array of allowed HTTP methods for CORS. The `Access-Control-Request-Method`\n  | is checked against the following list.\n  |\n  | Following is the list of default methods. Feel free to add more.\n  */\n  methods: ['GET', 'HEAD', 'POST', 'PUT', 'DELETE'],\n\n  /*\n  |--------------------------------------------------------------------------\n  | Headers\n  |--------------------------------------------------------------------------\n  |\n  | List of headers to be allowed for `Access-Control-Allow-Headers` header.\n  | The value can be one of the following:\n  |\n  | https://developer.mozilla.org/en-US/docs/Web/HTTP/Headers/Access-Control-Request-Headers\n  |\n  | Boolean(true)     - Allow all headers mentioned in `Access-Control-Request-Headers`.\n  | Boolean(false)    - Disallow all headers.\n  | String            - Comma separated list of allowed headers.\n  | Array             - An array of allowed headers.\n  | Function          - Receives the current header and should return one of the above values.\n  |\n  */\n  headers: true,\n\n  /*\n  |--------------------------------------------------------------------------\n  | Expose Headers\n  |--------------------------------------------------------------------------\n  |\n  | A list of headers to be exposed by setting `Access-Control-Expose-Headers`.\n  | header. By default following 6 simple response headers are exposed.\n  |\n  | Cache-Control\n  | Content-Language\n  | Content-Type\n  | Expires\n  | Last-Modified\n  | Pragma\n  |\n  | In order to add more headers, simply define them inside the following array.\n  |\n  | https://developer.mozilla.org/en-US/docs/Web/HTTP/Headers/Access-Control-Expose-Headers\n  |\n  */\n  exposeHeaders: [\n    'cache-control',\n    'content-language',\n    'content-type',\n    'expires',\n    'last-modified',\n    'pragma',\n  ],\n\n  /*\n  |--------------------------------------------------------------------------\n  | Credentials\n  |--------------------------------------------------------------------------\n  |\n  | Toggle `Access-Control-Allow-Credentials` header. If value is set to `true`,\n  | then header will be set, otherwise not.\n  |\n  | https://developer.mozilla.org/en-US/docs/Web/HTTP/Headers/Access-Control-Allow-Credentials\n  |\n  */\n  credentials: true,\n\n  /*\n  |--------------------------------------------------------------------------\n  | MaxAge\n  |--------------------------------------------------------------------------\n  |\n  | Define `Access-Control-Max-Age` header in seconds.\n  | https://developer.mozilla.org/en-US/docs/Web/HTTP/Headers/Access-Control-Max-Age\n  |\n  */\n  maxAge: 90,\n}\n\nexport default corsConfig\n"]},"_coverageSchema":"1a1c01bbd47fc00a2c39e90264f33305004495a9","hash":"8ddb652b76a7b5b0f5adcca9fc279e1febdf75ed","contentHash":"e555797e7c419bd15c1e6a3a8983533079c7c9af2e255590f1a18d9633e61621"},"D:\\Users\\dalia\\Documentos\\Alejo\\Bootcamp Backend Unal\\proyectos\\reto final\\config\\database.ts":{"path":"D:\\Users\\dalia\\Documentos\\Alejo\\Bootcamp Backend Unal\\proyectos\\reto final\\config\\database.ts","statementMap":{"0":{"start":{"line":2,"column":22},"end":{"line":4,"column":1}},"1":{"start":{"line":3,"column":4},"end":{"line":3,"column":62}},"2":{"start":{"line":5,"column":0},"end":{"line":5,"column":62}},"3":{"start":{"line":6,"column":14},"end":{"line":6,"column":79}},"4":{"start":{"line":7,"column":23},"end":{"line":24,"column":1}},"5":{"start":{"line":25,"column":0},"end":{"line":25,"column":33}}},"fnMap":{"0":{"name":"(anonymous_0)","decl":{"start":{"line":2,"column":56},"end":{"line":2,"column":57}},"loc":{"start":{"line":2,"column":71},"end":{"line":4,"column":1}},"line":2}},"branchMap":{"0":{"loc":{"start":{"line":2,"column":22},"end":{"line":4,"column":1}},"type":"binary-expr","locations":[{"start":{"line":2,"column":23},"end":{"line":2,"column":27}},{"start":{"line":2,"column":31},"end":{"line":2,"column":51}},{"start":{"line":2,"column":56},"end":{"line":4,"column":1}}],"line":2},"1":{"loc":{"start":{"line":3,"column":11},"end":{"line":3,"column":61}},"type":"cond-expr","locations":[{"start":{"line":3,"column":37},"end":{"line":3,"column":40}},{"start":{"line":3,"column":43},"end":{"line":3,"column":61}}],"line":3},"2":{"loc":{"start":{"line":3,"column":12},"end":{"line":3,"column":33}},"type":"binary-expr","locations":[{"start":{"line":3,"column":12},"end":{"line":3,"column":15}},{"start":{"line":3,"column":19},"end":{"line":3,"column":33}}],"line":3}},"s":{"0":1,"1":1,"2":1,"3":1,"4":1,"5":1},"f":{"0":1},"b":{"0":[1,1,1],"1":[0,1],"2":[1,1]},"inputSourceMap":{"version":3,"file":"database.js","sourceRoot":"","sources":["database.ts"],"names":[],"mappings":";;;;;AAOA,gFAAsC;AAItC,MAAM,cAAc,GAAiD;IAWnE,UAAU,EAAE,aAAG,CAAC,GAAG,CAAC,eAAe,CAAC;IAEpC,WAAW,EAAE;QAYX,EAAE,EAAE;YACF,MAAM,EAAE,IAAI;YACZ,UAAU,EAAE;gBACV,IAAI,EAAE,aAAG,CAAC,GAAG,CAAC,SAAS,CAAC;gBACxB,IAAI,EAAE,aAAG,CAAC,GAAG,CAAC,SAAS,CAAC;gBACxB,IAAI,EAAE,aAAG,CAAC,GAAG,CAAC,SAAS,CAAC;gBACxB,QAAQ,EAAE,aAAG,CAAC,GAAG,CAAC,aAAa,EAAE,EAAE,CAAC;gBACpC,QAAQ,EAAE,aAAG,CAAC,GAAG,CAAC,YAAY,CAAC;aAChC;YACD,WAAW,EAAE,KAAK;YACrB,KAAK,EAAE,KAAK;SACV;KAEF;IAcD,GAAG,EAAE,EACJ;CACF,CAAA;AAED,kBAAe,cAAc,CAAA","sourcesContent":["/**\n * Config source: https://git.io/JesV9\n *\n * Feel free to let us know via PR, if you find something broken in this config\n * file.\n */\n\nimport Env from '@ioc:Adonis/Core/Env'\nimport { OrmConfig } from '@ioc:Adonis/Lucid/Orm'\nimport { DatabaseConfig } from '@ioc:Adonis/Lucid/Database'\n\nconst databaseConfig: DatabaseConfig & { orm: Partial<OrmConfig> } = {\n  /*\n  |--------------------------------------------------------------------------\n  | Connection\n  |--------------------------------------------------------------------------\n  |\n  | The primary connection for making database queries across the application\n  | You can use any key from the `connections` object defined in this same\n  | file.\n  |\n  */\n  connection: Env.get('DB_CONNECTION'),\n\n  connections: {\n    /*\n    |--------------------------------------------------------------------------\n    | PostgreSQL config\n    |--------------------------------------------------------------------------\n    |\n    | Configuration for PostgreSQL database. Make sure to install the driver\n    | from npm when using this connection\n    |\n    | npm i pg\n    |\n    */\n    pg: {\n      client: 'pg',\n      connection: {\n        host: Env.get('PG_HOST'),\n        port: Env.get('PG_PORT'),\n        user: Env.get('PG_USER'),\n        password: Env.get('PG_PASSWORD', ''),\n        database: Env.get('PG_DB_NAME'),\n      },\n      healthCheck: false,\n\t\t\tdebug: false,\n    },\n\n  },\n\n  /*\n  |--------------------------------------------------------------------------\n  | ORM Configuration\n  |--------------------------------------------------------------------------\n  |\n  | Following are some of the configuration options to tweak the conventional\n  | settings of the ORM. For example:\n  |\n  | - Define a custom function to compute the default table name for a given model.\n  | - Or define a custom function to compute the primary key for a given model.\n  |\n  */\n  orm: {\n  },\n}\n\nexport default databaseConfig\n"]},"_coverageSchema":"1a1c01bbd47fc00a2c39e90264f33305004495a9","hash":"be81f737593ff81090194ffb6851ccbb73847940","contentHash":"af564c8975e2d8ec6581e685f03a7f6966585674ed25f8f415250bbfc3dc5098"},"D:\\Users\\dalia\\Documentos\\Alejo\\Bootcamp Backend Unal\\proyectos\\reto final\\config\\drive.ts":{"path":"D:\\Users\\dalia\\Documentos\\Alejo\\Bootcamp Backend Unal\\proyectos\\reto final\\config\\drive.ts","statementMap":{"0":{"start":{"line":2,"column":22},"end":{"line":4,"column":1}},"1":{"start":{"line":3,"column":4},"end":{"line":3,"column":62}},"2":{"start":{"line":5,"column":0},"end":{"line":5,"column":62}},"3":{"start":{"line":6,"column":14},"end":{"line":6,"column":79}},"4":{"start":{"line":7,"column":17},"end":{"line":7,"column":55}},"5":{"start":{"line":8,"column":22},"end":{"line":8,"column":95}},"6":{"start":{"line":9,"column":0},"end":{"line":20,"column":3}}},"fnMap":{"0":{"name":"(anonymous_0)","decl":{"start":{"line":2,"column":56},"end":{"line":2,"column":57}},"loc":{"start":{"line":2,"column":71},"end":{"line":4,"column":1}},"line":2}},"branchMap":{"0":{"loc":{"start":{"line":2,"column":22},"end":{"line":4,"column":1}},"type":"binary-expr","locations":[{"start":{"line":2,"column":23},"end":{"line":2,"column":27}},{"start":{"line":2,"column":31},"end":{"line":2,"column":51}},{"start":{"line":2,"column":56},"end":{"line":4,"column":1}}],"line":2},"1":{"loc":{"start":{"line":3,"column":11},"end":{"line":3,"column":61}},"type":"cond-expr","locations":[{"start":{"line":3,"column":37},"end":{"line":3,"column":40}},{"start":{"line":3,"column":43},"end":{"line":3,"column":61}}],"line":3},"2":{"loc":{"start":{"line":3,"column":12},"end":{"line":3,"column":33}},"type":"binary-expr","locations":[{"start":{"line":3,"column":12},"end":{"line":3,"column":15}},{"start":{"line":3,"column":19},"end":{"line":3,"column":33}}],"line":3}},"s":{"0":1,"1":2,"2":1,"3":1,"4":1,"5":1,"6":1},"f":{"0":2},"b":{"0":[1,1,1],"1":[0,2],"2":[2,2]},"inputSourceMap":{"version":3,"file":"drive.js","sourceRoot":"","sources":["drive.ts"],"names":[],"mappings":";;;;;AAOA,gFAAsC;AACtC,wDAAyD;AACzD,gGAAsD;AAWtD,kBAAe,IAAA,oBAAW,EAAC;IAUzB,IAAI,EAAE,aAAG,CAAC,GAAG,CAAC,YAAY,CAAC;IAE3B,KAAK,EAAE;QAUL,KAAK,EAAE;YACL,MAAM,EAAE,OAAO;YACf,UAAU,EAAE,QAAQ;YAWpB,IAAI,EAAE,qBAAW,CAAC,OAAO,CAAC,SAAS,CAAC;YAYpC,UAAU,EAAE,IAAI;YAYhB,QAAQ,EAAE,UAAU;SACrB;KAmEF;CACF,CAAC,CAAA","sourcesContent":["/**\n * Config source: https://git.io/JBt3o\n *\n * Feel free to let us know via PR, if you find something broken in this config\n * file.\n */\n\nimport Env from '@ioc:Adonis/Core/Env'\nimport { driveConfig } from '@adonisjs/core/build/config'\nimport Application from '@ioc:Adonis/Core/Application'\n\n/*\n|--------------------------------------------------------------------------\n| Drive Config\n|--------------------------------------------------------------------------\n|\n| The `DriveConfig` relies on the `DisksList` interface which is\n| defined inside the `contracts` directory.\n|\n*/\nexport default driveConfig({\n  /*\n  |--------------------------------------------------------------------------\n  | Default disk\n  |--------------------------------------------------------------------------\n  |\n  | The default disk to use for managing file uploads. The value is driven by\n  | the `DRIVE_DISK` environment variable.\n  |\n  */\n  disk: Env.get('DRIVE_DISK'),\n\n  disks: {\n    /*\n    |--------------------------------------------------------------------------\n    | Local\n    |--------------------------------------------------------------------------\n    |\n    | Uses the local file system to manage files. Make sure to turn off serving\n    | files when not using this disk.\n    |\n    */\n    local: {\n      driver: 'local',\n      visibility: 'public',\n\n      /*\n      |--------------------------------------------------------------------------\n      | Storage root - Local driver only\n      |--------------------------------------------------------------------------\n      |\n      | Define an absolute path to the storage directory from where to read the\n      | files.\n      |\n      */\n      root: Application.tmpPath('uploads'),\n\n      /*\n      |--------------------------------------------------------------------------\n      | Serve files - Local driver only\n      |--------------------------------------------------------------------------\n      |\n      | When this is set to true, AdonisJS will configure a files server to serve\n      | files from the disk root. This is done to mimic the behavior of cloud\n      | storage services that has inbuilt capabilities to serve files.\n      |\n      */\n      serveFiles: true,\n\n      /*\n      |--------------------------------------------------------------------------\n      | Base path - Local driver only\n      |--------------------------------------------------------------------------\n      |\n      | Base path is always required when \"serveFiles = true\". Also make sure\n      | the `basePath` is unique across all the disks using \"local\" driver and\n      | you are not registering routes with this prefix.\n      |\n      */\n      basePath: '/uploads',\n    },\n\n    /*\n    |--------------------------------------------------------------------------\n    | S3 Driver\n    |--------------------------------------------------------------------------\n    |\n    | Uses the S3 cloud storage to manage files. Make sure to install the s3\n    | drive separately when using it.\n    |\n    |**************************************************************************\n    | npm i @adonisjs/drive-s3\n    |**************************************************************************\n    |\n    */\n    // s3: {\n    //   driver: 's3',\n    //   visibility: 'public',\n    //   key: Env.get('S3_KEY'),\n    //   secret: Env.get('S3_SECRET'),\n    //   region: Env.get('S3_REGION'),\n    //   bucket: Env.get('S3_BUCKET'),\n    //   endpoint: Env.get('S3_ENDPOINT'),\n    //\n    //  // For minio to work\n    //  // forcePathStyle: true,\n    // },\n\n    /*\n    |--------------------------------------------------------------------------\n    | GCS Driver\n    |--------------------------------------------------------------------------\n    |\n    | Uses the Google cloud storage to manage files. Make sure to install the GCS\n    | drive separately when using it.\n    |\n    |**************************************************************************\n    | npm i @adonisjs/drive-gcs\n    |**************************************************************************\n    |\n    */\n    // gcs: {\n    //   driver: 'gcs',\n    //   visibility: 'public',\n    //   keyFilename: Env.get('GCS_KEY_FILENAME'),\n    //   bucket: Env.get('GCS_BUCKET'),\n\n      /*\n      |--------------------------------------------------------------------------\n      | Uniform ACL - Google cloud storage only\n      |--------------------------------------------------------------------------\n      |\n      | When using the Uniform ACL on the bucket, the \"visibility\" option is\n      | ignored. Since, the files ACL is managed by the google bucket policies\n      | directly.\n      |\n      |**************************************************************************\n      | Learn more: https://cloud.google.com/storage/docs/uniform-bucket-level-access\n      |**************************************************************************\n      |\n      | The following option just informs drive whether your bucket is using uniform\n      | ACL or not. The actual setting needs to be toggled within the Google cloud\n      | console.\n      |\n      */\n    //   usingUniformAcl: false,\n    // },\n  },\n})\n"]},"_coverageSchema":"1a1c01bbd47fc00a2c39e90264f33305004495a9","hash":"057b549664856403ffcf4cadb7755f120b21e85f","contentHash":"68abe7dcc27da72de241259a613c3fbe0109d80c291ac63259d103ec9fc6d550"},"D:\\Users\\dalia\\Documentos\\Alejo\\Bootcamp Backend Unal\\proyectos\\reto final\\config\\hash.ts":{"path":"D:\\Users\\dalia\\Documentos\\Alejo\\Bootcamp Backend Unal\\proyectos\\reto final\\config\\hash.ts","statementMap":{"0":{"start":{"line":2,"column":22},"end":{"line":4,"column":1}},"1":{"start":{"line":3,"column":4},"end":{"line":3,"column":62}},"2":{"start":{"line":5,"column":0},"end":{"line":5,"column":62}},"3":{"start":{"line":6,"column":14},"end":{"line":6,"column":79}},"4":{"start":{"line":7,"column":17},"end":{"line":7,"column":55}},"5":{"start":{"line":8,"column":0},"end":{"line":33,"column":3}}},"fnMap":{"0":{"name":"(anonymous_0)","decl":{"start":{"line":2,"column":56},"end":{"line":2,"column":57}},"loc":{"start":{"line":2,"column":71},"end":{"line":4,"column":1}},"line":2}},"branchMap":{"0":{"loc":{"start":{"line":2,"column":22},"end":{"line":4,"column":1}},"type":"binary-expr","locations":[{"start":{"line":2,"column":23},"end":{"line":2,"column":27}},{"start":{"line":2,"column":31},"end":{"line":2,"column":51}},{"start":{"line":2,"column":56},"end":{"line":4,"column":1}}],"line":2},"1":{"loc":{"start":{"line":3,"column":11},"end":{"line":3,"column":61}},"type":"cond-expr","locations":[{"start":{"line":3,"column":37},"end":{"line":3,"column":40}},{"start":{"line":3,"column":43},"end":{"line":3,"column":61}}],"line":3},"2":{"loc":{"start":{"line":3,"column":12},"end":{"line":3,"column":33}},"type":"binary-expr","locations":[{"start":{"line":3,"column":12},"end":{"line":3,"column":15}},{"start":{"line":3,"column":19},"end":{"line":3,"column":33}}],"line":3}},"s":{"0":1,"1":1,"2":1,"3":1,"4":1,"5":1},"f":{"0":1},"b":{"0":[1,1,1],"1":[0,1],"2":[1,1]},"inputSourceMap":{"version":3,"file":"hash.js","sourceRoot":"","sources":["hash.ts"],"names":[],"mappings":";;;;;AAOA,gFAAsC;AACtC,wDAAwD;AAWxD,kBAAe,IAAA,mBAAU,EAAC;IAUxB,OAAO,EAAE,aAAG,CAAC,GAAG,CAAC,aAAa,EAAE,QAAQ,CAAC;IAEzC,IAAI,EAAE;QAcJ,MAAM,EAAE;YACN,MAAM,EAAE,QAAQ;YAChB,IAAI,EAAE,KAAK;YACX,SAAS,EAAE,CAAC;YACZ,eAAe,EAAE,CAAC;YAClB,QAAQ,EAAE,EAAE;YACZ,SAAS,EAAE,EAAE;YACb,SAAS,EAAE,EAAE,GAAG,IAAI,GAAG,IAAI;SAC5B;QAeD,KAAK,EAAE;YACL,MAAM,EAAE,QAAQ;YAChB,OAAO,EAAE,IAAI;YACb,UAAU,EAAE,CAAC;YACb,MAAM,EAAE,IAAI;YACZ,WAAW,EAAE,CAAC;YACd,QAAQ,EAAE,EAAE;SACb;QAeD,MAAM,EAAE;YACN,MAAM,EAAE,QAAQ;YAChB,MAAM,EAAE,EAAE;SACX;KACF;CACF,CAAC,CAAA","sourcesContent":["/**\n * Config source: https://git.io/JfefW\n *\n * Feel free to let us know via PR, if you find something broken in this config\n * file.\n */\n\nimport Env from '@ioc:Adonis/Core/Env'\nimport { hashConfig } from '@adonisjs/core/build/config'\n\n/*\n|--------------------------------------------------------------------------\n| Hash Config\n|--------------------------------------------------------------------------\n|\n| The `HashConfig` relies on the `HashList` interface which is\n| defined inside `contracts` directory.\n|\n*/\nexport default hashConfig({\n  /*\n  |--------------------------------------------------------------------------\n  | Default hasher\n  |--------------------------------------------------------------------------\n  |\n  | By default we make use of the argon hasher to hash values. However, feel\n  | free to change the default value\n  |\n  */\n  default: Env.get('HASH_DRIVER', 'scrypt'),\n\n  list: {\n    /*\n    |--------------------------------------------------------------------------\n    | scrypt\n    |--------------------------------------------------------------------------\n    |\n    | Scrypt mapping uses the Node.js inbuilt crypto module for creating\n    | hashes.\n    |\n    | We are using the default configuration recommended within the Node.js\n    | documentation.\n    | https://nodejs.org/api/crypto.html#cryptoscryptpassword-salt-keylen-options-callback\n    |\n    */\n    scrypt: {\n      driver: 'scrypt',\n      cost: 16384,\n      blockSize: 8,\n      parallelization: 1,\n      saltSize: 16,\n      keyLength: 64,\n      maxMemory: 32 * 1024 * 1024,\n    },\n\n    /*\n    |--------------------------------------------------------------------------\n    | Argon\n    |--------------------------------------------------------------------------\n    |\n    | Argon mapping uses the `argon2` driver to hash values.\n    |\n    | Make sure you install the underlying dependency for this driver to work.\n    | https://www.npmjs.com/package/phc-argon2.\n    |\n    | npm install phc-argon2\n    |\n    */\n    argon: {\n      driver: 'argon2',\n      variant: 'id',\n      iterations: 3,\n      memory: 4096,\n      parallelism: 1,\n      saltSize: 16,\n    },\n\n    /*\n    |--------------------------------------------------------------------------\n    | Bcrypt\n    |--------------------------------------------------------------------------\n    |\n    | Bcrypt mapping uses the `bcrypt` driver to hash values.\n    |\n    | Make sure you install the underlying dependency for this driver to work.\n    | https://www.npmjs.com/package/phc-bcrypt.\n    |\n    | npm install phc-bcrypt\n    |\n    */\n    bcrypt: {\n      driver: 'bcrypt',\n      rounds: 10,\n    },\n  },\n})\n"]},"_coverageSchema":"1a1c01bbd47fc00a2c39e90264f33305004495a9","hash":"76e8f68d7bcff72b1163f150a87e5c97d170b51e","contentHash":"9984f570dcc5485136f935c6a779298a7f11347a9a9154c2eadc80f1e1b799fd"},"D:\\Users\\dalia\\Documentos\\Alejo\\Bootcamp Backend Unal\\proyectos\\reto final\\config\\swagger.ts":{"path":"D:\\Users\\dalia\\Documentos\\Alejo\\Bootcamp Backend Unal\\proyectos\\reto final\\config\\swagger.ts","statementMap":{"0":{"start":{"line":2,"column":0},"end":{"line":2,"column":62}},"1":{"start":{"line":3,"column":0},"end":{"line":36,"column":2}}},"fnMap":{},"branchMap":{"0":{"loc":{"start":{"line":34,"column":10},"end":{"line":34,"column":74}},"type":"cond-expr","locations":[{"start":{"line":34,"column":50},"end":{"line":34,"column":62}},{"start":{"line":34,"column":65},"end":{"line":34,"column":74}}],"line":34}},"s":{"0":1,"1":1},"f":{},"b":{"0":[0,1]},"inputSourceMap":{"version":3,"file":"swagger.js","sourceRoot":"","sources":["swagger.ts"],"names":[],"mappings":";;AAEA,kBAAe;IACd,SAAS,EAAE,IAAI;IACf,KAAK,EAAE,MAAM;IACb,WAAW,EAAE,IAAI;IACjB,OAAO,EAAE,eAAe;IAExB,UAAU,EAAE,EAAE;IAEd,OAAO,EAAE;QACR,UAAU,EAAE;YACX,OAAO,EAAE,OAAO;YAChB,IAAI,EAAE;gBACL,KAAK,EAAE,2BAA2B;gBAClC,OAAO,EAAE,OAAO;gBAChB,WAAW,EAAE,sEAAsE;aACnF;YACE,UAAU,EAAE;gBACd,eAAe,EAAE;oBAChB,UAAU,EAAE;wBACX,IAAI,EAAE,MAAM;wBACZ,MAAM,EAAE,QAAQ;wBAChB,YAAY,EAAE,KAAK;qBACnB;iBACD;aACD;SACD;QAED,IAAI,EAAE;YACL,aAAa;YACb,eAAe;YACf,iBAAiB;SACjB;QACD,QAAQ,EAAE,GAAG;KACb;IACD,IAAI,EAAE,OAAO,CAAC,GAAG,CAAC,QAAQ,KAAK,YAAY,CAAC,CAAC,CAAC,YAAY,CAAC,CAAC,CAAC,SAAS;IACrE,YAAY,EAAE,mBAAmB;CACjB,CAAA","sourcesContent":["import { SwaggerConfig } from '@ioc:Adonis/Addons/Swagger'\n\nexport default {\n\tuiEnabled: true, //disable or enable swaggerUi route\n\tuiUrl: 'docs', // url path to swaggerUI\n\tspecEnabled: true, //disable or enable swagger.json route\n\tspecUrl: '/swagger.json',\n\n\tmiddleware: [], // middlewares array, for protect your swagger docs and spec endpoints\n\n\toptions: {\n\t\tdefinition: {\n\t\t\topenapi: '3.0.0',\n\t\t\tinfo: {\n\t\t\t\ttitle: 'Sistema de calificaciones',\n\t\t\t\tversion: '1.0.0',\n\t\t\t\tdescription: 'API para el sistema de calificaciones con sistema de opcion multiple'\n\t\t\t},\n      components: {\n\t\t\t\tsecuritySchemes: {\n\t\t\t\t\tbearerAuth: {\n\t\t\t\t\t\ttype: \"http\",\n\t\t\t\t\t\tscheme: \"bearer\",\n\t\t\t\t\t\tbearerFormat: \"JWT\"\n\t\t\t\t\t}\n\t\t\t\t}\n\t\t\t}\n\t\t},\n\n\t\tapis: [\n\t\t\t'app/**/*.ts',\n\t\t\t'docs/**/*.yml',\n\t\t\t'start/routes.ts'\n\t\t],\n\t\tbasePath: '/'\n\t},\n\tmode: process.env.NODE_ENV === 'production' ? 'PRODUCTION' : 'RUNTIME',\n  specFilePath: 'docs/swagger.json'\n} as SwaggerConfig\n"]},"_coverageSchema":"1a1c01bbd47fc00a2c39e90264f33305004495a9","hash":"e3ad68992b237cb2c0a9adf69c39bd86538d971e","contentHash":"61cdd015af59d5e5730d95e4deb9397e158858b97fbe91ae60d109e3c388f0ac"},"D:\\Users\\dalia\\Documentos\\Alejo\\Bootcamp Backend Unal\\proyectos\\reto final\\providers\\AppProvider.ts":{"path":"D:\\Users\\dalia\\Documentos\\Alejo\\Bootcamp Backend Unal\\proyectos\\reto final\\providers\\AppProvider.ts","statementMap":{"0":{"start":{"line":2,"column":0},"end":{"line":2,"column":62}},"1":{"start":{"line":5,"column":8},"end":{"line":5,"column":23}},"2":{"start":{"line":16,"column":0},"end":{"line":16,"column":30}}},"fnMap":{"0":{"name":"(anonymous_0)","decl":{"start":{"line":4,"column":4},"end":{"line":4,"column":5}},"loc":{"start":{"line":4,"column":21},"end":{"line":6,"column":5}},"line":4},"1":{"name":"(anonymous_1)","decl":{"start":{"line":7,"column":4},"end":{"line":7,"column":5}},"loc":{"start":{"line":7,"column":15},"end":{"line":8,"column":5}},"line":7},"2":{"name":"(anonymous_2)","decl":{"start":{"line":9,"column":4},"end":{"line":9,"column":5}},"loc":{"start":{"line":9,"column":17},"end":{"line":10,"column":5}},"line":9},"3":{"name":"(anonymous_3)","decl":{"start":{"line":11,"column":4},"end":{"line":11,"column":5}},"loc":{"start":{"line":11,"column":18},"end":{"line":12,"column":5}},"line":11},"4":{"name":"(anonymous_4)","decl":{"start":{"line":13,"column":4},"end":{"line":13,"column":5}},"loc":{"start":{"line":13,"column":21},"end":{"line":14,"column":5}},"line":13}},"branchMap":{},"s":{"0":1,"1":1,"2":1},"f":{"0":1,"1":1,"2":1,"3":1,"4":1},"b":{},"inputSourceMap":{"version":3,"file":"AppProvider.js","sourceRoot":"","sources":["AppProvider.ts"],"names":[],"mappings":";;AAEA,MAAqB,WAAW;IAC9B,YAAuB,GAAwB;QAAxB,QAAG,GAAH,GAAG,CAAqB;IAC/C,CAAC;IAEM,QAAQ;IAEf,CAAC;IAEM,KAAK,CAAC,IAAI;IAEjB,CAAC;IAEM,KAAK,CAAC,KAAK;IAElB,CAAC;IAEM,KAAK,CAAC,QAAQ;IAErB,CAAC;CACF;AAnBD,8BAmBC","sourcesContent":["import type { ApplicationContract } from '@ioc:Adonis/Core/Application'\n\nexport default class AppProvider {\n  constructor (protected app: ApplicationContract) {\n  }\n\n  public register () {\n    // Register your own bindings\n  }\n\n  public async boot () {\n    // IoC container is ready\n  }\n\n  public async ready () {\n    // App is ready\n  }\n\n  public async shutdown () {\n    // Cleanup, since app is going down\n  }\n}\n"]},"_coverageSchema":"1a1c01bbd47fc00a2c39e90264f33305004495a9","hash":"82942a2efd0d0aefc74ecae6ab3fbb6e595f3259","contentHash":"bab400551411f44b5ccac4471828190c4c9a6253c9a1afbfef17c10c2dfaa8bd"},"D:\\Users\\dalia\\Documentos\\Alejo\\Bootcamp Backend Unal\\proyectos\\reto final\\start\\routes.ts":{"path":"D:\\Users\\dalia\\Documentos\\Alejo\\Bootcamp Backend Unal\\proyectos\\reto final\\start\\routes.ts","statementMap":{"0":{"start":{"line":2,"column":22},"end":{"line":4,"column":1}},"1":{"start":{"line":3,"column":4},"end":{"line":3,"column":62}},"2":{"start":{"line":5,"column":0},"end":{"line":5,"column":62}},"3":{"start":{"line":6,"column":16},"end":{"line":6,"column":83}},"4":{"start":{"line":7,"column":0},"end":{"line":9,"column":20}},"5":{"start":{"line":8,"column":4},"end":{"line":8,"column":64}},"6":{"start":{"line":10,"column":0},"end":{"line":12,"column":25}},"7":{"start":{"line":11,"column":4},"end":{"line":11,"column":68}},"8":{"start":{"line":13,"column":0},"end":{"line":16,"column":45}},"9":{"start":{"line":14,"column":4},"end":{"line":14,"column":65}},"10":{"start":{"line":15,"column":4},"end":{"line":15,"column":67}},"11":{"start":{"line":17,"column":0},"end":{"line":19,"column":46}},"12":{"start":{"line":18,"column":4},"end":{"line":18,"column":69}},"13":{"start":{"line":20,"column":0},"end":{"line":27,"column":50}},"14":{"start":{"line":21,"column":4},"end":{"line":21,"column":74}},"15":{"start":{"line":22,"column":4},"end":{"line":22,"column":77}},"16":{"start":{"line":23,"column":4},"end":{"line":23,"column":88}},"17":{"start":{"line":24,"column":4},"end":{"line":24,"column":85}},"18":{"start":{"line":25,"column":4},"end":{"line":25,"column":79}},"19":{"start":{"line":26,"column":4},"end":{"line":26,"column":75}},"20":{"start":{"line":28,"column":0},"end":{"line":31,"column":44}},"21":{"start":{"line":29,"column":4},"end":{"line":29,"column":73}},"22":{"start":{"line":30,"column":4},"end":{"line":30,"column":69}},"23":{"start":{"line":32,"column":0},"end":{"line":35,"column":46}},"24":{"start":{"line":33,"column":4},"end":{"line":33,"column":65}},"25":{"start":{"line":34,"column":4},"end":{"line":34,"column":65}},"26":{"start":{"line":36,"column":0},"end":{"line":39,"column":53}},"27":{"start":{"line":37,"column":4},"end":{"line":37,"column":83}},"28":{"start":{"line":38,"column":4},"end":{"line":38,"column":83}}},"fnMap":{"0":{"name":"(anonymous_0)","decl":{"start":{"line":2,"column":56},"end":{"line":2,"column":57}},"loc":{"start":{"line":2,"column":71},"end":{"line":4,"column":1}},"line":2},"1":{"name":"(anonymous_1)","decl":{"start":{"line":7,"column":22},"end":{"line":7,"column":23}},"loc":{"start":{"line":7,"column":28},"end":{"line":9,"column":1}},"line":7},"2":{"name":"(anonymous_2)","decl":{"start":{"line":10,"column":22},"end":{"line":10,"column":23}},"loc":{"start":{"line":10,"column":28},"end":{"line":12,"column":1}},"line":10},"3":{"name":"(anonymous_3)","decl":{"start":{"line":13,"column":22},"end":{"line":13,"column":23}},"loc":{"start":{"line":13,"column":28},"end":{"line":16,"column":1}},"line":13},"4":{"name":"(anonymous_4)","decl":{"start":{"line":17,"column":22},"end":{"line":17,"column":23}},"loc":{"start":{"line":17,"column":28},"end":{"line":19,"column":1}},"line":17},"5":{"name":"(anonymous_5)","decl":{"start":{"line":20,"column":22},"end":{"line":20,"column":23}},"loc":{"start":{"line":20,"column":28},"end":{"line":27,"column":1}},"line":20},"6":{"name":"(anonymous_6)","decl":{"start":{"line":28,"column":22},"end":{"line":28,"column":23}},"loc":{"start":{"line":28,"column":28},"end":{"line":31,"column":1}},"line":28},"7":{"name":"(anonymous_7)","decl":{"start":{"line":32,"column":22},"end":{"line":32,"column":23}},"loc":{"start":{"line":32,"column":28},"end":{"line":35,"column":1}},"line":32},"8":{"name":"(anonymous_8)","decl":{"start":{"line":36,"column":22},"end":{"line":36,"column":23}},"loc":{"start":{"line":36,"column":28},"end":{"line":39,"column":1}},"line":36}},"branchMap":{"0":{"loc":{"start":{"line":2,"column":22},"end":{"line":4,"column":1}},"type":"binary-expr","locations":[{"start":{"line":2,"column":23},"end":{"line":2,"column":27}},{"start":{"line":2,"column":31},"end":{"line":2,"column":51}},{"start":{"line":2,"column":56},"end":{"line":4,"column":1}}],"line":2},"1":{"loc":{"start":{"line":3,"column":11},"end":{"line":3,"column":61}},"type":"cond-expr","locations":[{"start":{"line":3,"column":37},"end":{"line":3,"column":40}},{"start":{"line":3,"column":43},"end":{"line":3,"column":61}}],"line":3},"2":{"loc":{"start":{"line":3,"column":12},"end":{"line":3,"column":33}},"type":"binary-expr","locations":[{"start":{"line":3,"column":12},"end":{"line":3,"column":15}},{"start":{"line":3,"column":19},"end":{"line":3,"column":33}}],"line":3}},"s":{"0":1,"1":1,"2":1,"3":1,"4":1,"5":1,"6":1,"7":1,"8":1,"9":1,"10":1,"11":1,"12":1,"13":1,"14":1,"15":1,"16":1,"17":1,"18":1,"19":1,"20":1,"21":1,"22":1,"23":1,"24":1,"25":1,"26":1,"27":1,"28":1},"f":{"0":1,"1":1,"2":1,"3":1,"4":1,"5":1,"6":1,"7":1,"8":1},"b":{"0":[1,1,1],"1":[0,1],"2":[1,1]},"inputSourceMap":{"version":3,"file":"routes.js","sourceRoot":"","sources":["routes.ts"],"names":[],"mappings":";;;;;AAoBA,oFAA0C;AAI1C,eAAK,CAAC,KAAK,CAAC,GAAG,EAAE;IACf,eAAK,CAAC,IAAI,CAAC,QAAQ,EAAE,2BAA2B,CAAC,CAAA;AACnD,CAAC,CAAC,CAAC,MAAM,CAAC,QAAQ,CAAC,CAAA;AAEnB,eAAK,CAAC,KAAK,CAAC,GAAG,EAAE;IACf,eAAK,CAAC,IAAI,CAAC,SAAS,EAAE,8BAA8B,CAAC,CAAA;AACvD,CAAC,CAAC,CAAC,MAAM,CAAC,aAAa,CAAC,CAAA;AAExB,eAAK,CAAC,KAAK,CAAC,GAAG,EAAE;IACf,eAAK,CAAC,GAAG,CAAC,WAAW,EAAE,0BAA0B,CAAC,CAAA;IAClD,eAAK,CAAC,GAAG,CAAC,cAAc,EAAE,yBAAyB,CAAC,CAAA;AACtD,CAAC,CAAC,CAAC,MAAM,CAAC,aAAa,CAAC,CAAC,UAAU,CAAC,OAAO,CAAC,CAAA;AAE5C,eAAK,CAAC,KAAK,CAAC,GAAG,EAAE;IACf,eAAK,CAAC,GAAG,CAAC,aAAa,EAAE,4BAA4B,CAAC,CAAA;AACxD,CAAC,CAAC,CAAC,MAAM,CAAC,aAAa,CAAC,CAAC,UAAU,CAAC,QAAQ,CAAC,CAAA;AAG7C,eAAK,CAAC,KAAK,CAAC,GAAG,EAAE;IACf,eAAK,CAAC,IAAI,CAAC,SAAS,EAAE,oCAAoC,CAAC,CAAA;IAC3D,eAAK,CAAC,GAAG,CAAC,eAAe,EAAE,kCAAkC,CAAC,CAAA;IAC9D,eAAK,CAAC,MAAM,CAAC,qBAAqB,EAAE,oCAAoC,CAAC,CAAA;IACzE,eAAK,CAAC,GAAG,CAAC,qBAAqB,EAAE,oCAAoC,CAAC,CAAA;IACtE,eAAK,CAAC,GAAG,CAAC,mBAAmB,EAAE,gCAAgC,CAAC,CAAA;IAChE,eAAK,CAAC,GAAG,CAAC,iBAAiB,EAAE,8BAA8B,CAAC,CAAA;AAC9D,CAAC,CAAC,CAAC,MAAM,CAAC,kBAAkB,CAAC,CAAC,UAAU,CAAC,OAAO,CAAC,CAAA;AAEjD,eAAK,CAAC,KAAK,CAAC,GAAG,EAAE;IACf,eAAK,CAAC,IAAI,CAAC,gBAAgB,EAAE,4BAA4B,CAAC,CAAA;IAC1D,eAAK,CAAC,GAAG,CAAC,eAAe,EAAE,0BAA0B,CAAC,CAAA;AACxD,CAAC,CAAC,CAAC,MAAM,CAAC,aAAa,CAAC,CAAC,UAAU,CAAC,MAAM,CAAC,CAAA;AAE3C,eAAK,CAAC,KAAK,CAAC,GAAG,EAAE;IACf,eAAK,CAAC,IAAI,CAAC,SAAS,EAAE,2BAA2B,CAAC,CAAA;IAClD,eAAK,CAAC,GAAG,CAAC,WAAW,EAAE,0BAA0B,CAAC,CAAA;AACpD,CAAC,CAAC,CAAC,MAAM,CAAC,cAAc,CAAC,CAAC,UAAU,CAAC,OAAO,CAAC,CAAA;AAG7C,eAAK,CAAC,KAAK,CAAC,GAAG,EAAE;IACf,eAAK,CAAC,GAAG,CAAC,WAAW,EAAE,4CAA4C,CAAC,CAAA;IACpE,eAAK,CAAC,IAAI,CAAC,SAAS,EAAE,6CAA6C,CAAC,CAAA;AACtE,CAAC,CAAC,CAAC,MAAM,CAAC,qBAAqB,CAAC,CAAC,UAAU,CAAC,OAAO,CAAC,CAAA","sourcesContent":["/*\n|--------------------------------------------------------------------------\n| Routes\n|--------------------------------------------------------------------------\n|\n| This file is dedicated for defining HTTP routes. A single file is enough\n| for majority of projects, however you can define routes in different\n| files and just make sure to import them inside this file. For example\n|\n| Define routes in following two files\n| ├── start/routes/cart.ts\n| ├── start/routes/customer.ts\n|\n| and then import them inside `start/routes.ts` as follows\n|\n| import './routes/cart'\n| import './routes/customer'\n|\n*/\n\nimport Route from '@ioc:Adonis/Core/Route'\n\n\n\nRoute.group(() => {\n  Route.post('/login', 'UsersController.loginUser')\n}).prefix('api/v1')\n\nRoute.group(() => {\n  Route.post('/create', 'UsersController.registerUser')\n}).prefix('api/v1/user')\n\nRoute.group(() => {\n  Route.get('/getUsers', 'UsersController.getUsers')\n  Route.get('/getUser/:id', 'UsersController.getUser')\n}).prefix('api/v1/user').middleware('admin')\n\nRoute.group(() => {\n  Route.put('/update/:id', 'UsersController.updateUser')\n}).prefix('api/v1/user').middleware('update')\n\n\nRoute.group(() => {\n  Route.post('/create', 'QuestionsController.createQuestion')\n  Route.get('/getQuestions', 'QuestionsController.getQuestions')\n  Route.delete('/deleteQuestion/:id', 'QuestionsController.deleteQuestion')\n  Route.put('/updateQuestion/:id', 'QuestionsController.updateQuestion')\n  Route.put('/updateAnswer/:id', 'AnswersController.updateAnswer')\n  Route.get('/getOptions/:id', 'AnswersController.getAnswers')\n}).prefix('api/v1/questions').middleware('admin')\n\nRoute.group(() => {\n  Route.post('/postquestions', 'FormsController.createForm')\n  Route.get('/getquestions', 'FormsController.getForms')\n}).prefix('api/v1/form').middleware('auth')\n\nRoute.group(() => {\n  Route.post('/create', 'RolesController.createRol')\n  Route.get('/getRoles', 'RolesController.getRoles')\n}).prefix('api/v1/roles').middleware('admin')\n\n\nRoute.group(() => {\n  Route.get('/getTypes', 'TypesDocumentsController.getTypesDocuments')\n  Route.post('/create', 'TypesDocumentsController.createTypeDocument')\n}).prefix('api/v1/typeDocumets').middleware('admin')\n\n"]},"_coverageSchema":"1a1c01bbd47fc00a2c39e90264f33305004495a9","hash":"1b41c79664ef85278f3cd83c0536b29539fe9c49","contentHash":"0fe8a24a242cf0179c50016586e789e5549ef8c29b537eecd4ab1cbfea27df07"},"D:\\Users\\dalia\\Documentos\\Alejo\\Bootcamp Backend Unal\\proyectos\\reto final\\start\\kernel.ts":{"path":"D:\\Users\\dalia\\Documentos\\Alejo\\Bootcamp Backend Unal\\proyectos\\reto final\\start\\kernel.ts","statementMap":{"0":{"start":{"line":2,"column":22},"end":{"line":12,"column":3}},"1":{"start":{"line":3,"column":4},"end":{"line":3,"column":33}},"2":{"start":{"line":3,"column":26},"end":{"line":3,"column":33}},"3":{"start":{"line":4,"column":15},"end":{"line":4,"column":52}},"4":{"start":{"line":5,"column":4},"end":{"line":7,"column":5}},"5":{"start":{"line":6,"column":6},"end":{"line":6,"column":68}},"6":{"start":{"line":6,"column":51},"end":{"line":6,"column":63}},"7":{"start":{"line":8,"column":4},"end":{"line":8,"column":39}},"8":{"start":{"line":10,"column":4},"end":{"line":10,"column":33}},"9":{"start":{"line":10,"column":26},"end":{"line":10,"column":33}},"10":{"start":{"line":11,"column":4},"end":{"line":11,"column":17}},"11":{"start":{"line":13,"column":25},"end":{"line":17,"column":2}},"12":{"start":{"line":14,"column":4},"end":{"line":14,"column":72}},"13":{"start":{"line":16,"column":4},"end":{"line":16,"column":21}},"14":{"start":{"line":18,"column":19},"end":{"line":24,"column":1}},"15":{"start":{"line":19,"column":4},"end":{"line":19,"column":42}},"16":{"start":{"line":19,"column":31},"end":{"line":19,"column":42}},"17":{"start":{"line":20,"column":17},"end":{"line":20,"column":19}},"18":{"start":{"line":21,"column":4},"end":{"line":21,"column":141}},"19":{"start":{"line":21,"column":21},"end":{"line":21,"column":141}},"20":{"start":{"line":21,"column":40},"end":{"line":21,"column":141}},"21":{"start":{"line":21,"column":109},"end":{"line":21,"column":141}},"22":{"start":{"line":22,"column":4},"end":{"line":22,"column":36}},"23":{"start":{"line":23,"column":4},"end":{"line":23,"column":18}},"24":{"start":{"line":25,"column":22},"end":{"line":27,"column":1}},"25":{"start":{"line":26,"column":4},"end":{"line":26,"column":62}},"26":{"start":{"line":28,"column":0},"end":{"line":28,"column":62}},"27":{"start":{"line":29,"column":17},"end":{"line":29,"column":85}},"28":{"start":{"line":30,"column":0},"end":{"line":32,"column":3}},"29":{"start":{"line":31,"column":10},"end":{"line":31,"column":109}},"30":{"start":{"line":31,"column":39},"end":{"line":31,"column":108}},"31":{"start":{"line":33,"column":0},"end":{"line":37,"column":3}},"32":{"start":{"line":34,"column":16},"end":{"line":34,"column":115}},"33":{"start":{"line":34,"column":45},"end":{"line":34,"column":114}},"34":{"start":{"line":35,"column":17},"end":{"line":35,"column":114}},"35":{"start":{"line":35,"column":46},"end":{"line":35,"column":113}},"36":{"start":{"line":36,"column":18},"end":{"line":36,"column":122}},"37":{"start":{"line":36,"column":47},"end":{"line":36,"column":121}}},"fnMap":{"0":{"name":"(anonymous_0)","decl":{"start":{"line":2,"column":74},"end":{"line":2,"column":75}},"loc":{"start":{"line":2,"column":96},"end":{"line":9,"column":1}},"line":2},"1":{"name":"(anonymous_1)","decl":{"start":{"line":6,"column":38},"end":{"line":6,"column":39}},"loc":{"start":{"line":6,"column":49},"end":{"line":6,"column":65}},"line":6},"2":{"name":"(anonymous_2)","decl":{"start":{"line":9,"column":6},"end":{"line":9,"column":7}},"loc":{"start":{"line":9,"column":28},"end":{"line":12,"column":1}},"line":9},"3":{"name":"(anonymous_3)","decl":{"start":{"line":13,"column":80},"end":{"line":13,"column":81}},"loc":{"start":{"line":13,"column":95},"end":{"line":15,"column":1}},"line":13},"4":{"name":"(anonymous_4)","decl":{"start":{"line":15,"column":5},"end":{"line":15,"column":6}},"loc":{"start":{"line":15,"column":20},"end":{"line":17,"column":1}},"line":15},"5":{"name":"(anonymous_5)","decl":{"start":{"line":18,"column":50},"end":{"line":18,"column":51}},"loc":{"start":{"line":18,"column":65},"end":{"line":24,"column":1}},"line":18},"6":{"name":"(anonymous_6)","decl":{"start":{"line":25,"column":56},"end":{"line":25,"column":57}},"loc":{"start":{"line":25,"column":71},"end":{"line":27,"column":1}},"line":25},"7":{"name":"(anonymous_7)","decl":{"start":{"line":31,"column":4},"end":{"line":31,"column":5}},"loc":{"start":{"line":31,"column":10},"end":{"line":31,"column":109}},"line":31},"8":{"name":"(anonymous_8)","decl":{"start":{"line":31,"column":33},"end":{"line":31,"column":34}},"loc":{"start":{"line":31,"column":39},"end":{"line":31,"column":108}},"line":31},"9":{"name":"(anonymous_9)","decl":{"start":{"line":34,"column":10},"end":{"line":34,"column":11}},"loc":{"start":{"line":34,"column":16},"end":{"line":34,"column":115}},"line":34},"10":{"name":"(anonymous_10)","decl":{"start":{"line":34,"column":39},"end":{"line":34,"column":40}},"loc":{"start":{"line":34,"column":45},"end":{"line":34,"column":114}},"line":34},"11":{"name":"(anonymous_11)","decl":{"start":{"line":35,"column":11},"end":{"line":35,"column":12}},"loc":{"start":{"line":35,"column":17},"end":{"line":35,"column":114}},"line":35},"12":{"name":"(anonymous_12)","decl":{"start":{"line":35,"column":40},"end":{"line":35,"column":41}},"loc":{"start":{"line":35,"column":46},"end":{"line":35,"column":113}},"line":35},"13":{"name":"(anonymous_13)","decl":{"start":{"line":36,"column":12},"end":{"line":36,"column":13}},"loc":{"start":{"line":36,"column":18},"end":{"line":36,"column":122}},"line":36},"14":{"name":"(anonymous_14)","decl":{"start":{"line":36,"column":41},"end":{"line":36,"column":42}},"loc":{"start":{"line":36,"column":47},"end":{"line":36,"column":121}},"line":36}},"branchMap":{"0":{"loc":{"start":{"line":2,"column":22},"end":{"line":12,"column":3}},"type":"binary-expr","locations":[{"start":{"line":2,"column":23},"end":{"line":2,"column":27}},{"start":{"line":2,"column":31},"end":{"line":2,"column":51}},{"start":{"line":2,"column":57},"end":{"line":12,"column":2}}],"line":2},"1":{"loc":{"start":{"line":2,"column":57},"end":{"line":12,"column":2}},"type":"cond-expr","locations":[{"start":{"line":2,"column":74},"end":{"line":9,"column":1}},{"start":{"line":9,"column":6},"end":{"line":12,"column":1}}],"line":2},"2":{"loc":{"start":{"line":3,"column":4},"end":{"line":3,"column":33}},"type":"if","locations":[{"start":{"line":3,"column":4},"end":{"line":3,"column":33}},{"start":{"line":3,"column":4},"end":{"line":3,"column":33}}],"line":3},"3":{"loc":{"start":{"line":5,"column":4},"end":{"line":7,"column":5}},"type":"if","locations":[{"start":{"line":5,"column":4},"end":{"line":7,"column":5}},{"start":{"line":5,"column":4},"end":{"line":7,"column":5}}],"line":5},"4":{"loc":{"start":{"line":5,"column":8},"end":{"line":5,"column":85}},"type":"binary-expr","locations":[{"start":{"line":5,"column":8},"end":{"line":5,"column":13}},{"start":{"line":5,"column":18},"end":{"line":5,"column":84}}],"line":5},"5":{"loc":{"start":{"line":5,"column":18},"end":{"line":5,"column":84}},"type":"cond-expr","locations":[{"start":{"line":5,"column":34},"end":{"line":5,"column":47}},{"start":{"line":5,"column":50},"end":{"line":5,"column":84}}],"line":5},"6":{"loc":{"start":{"line":5,"column":50},"end":{"line":5,"column":84}},"type":"binary-expr","locations":[{"start":{"line":5,"column":50},"end":{"line":5,"column":63}},{"start":{"line":5,"column":67},"end":{"line":5,"column":84}}],"line":5},"7":{"loc":{"start":{"line":10,"column":4},"end":{"line":10,"column":33}},"type":"if","locations":[{"start":{"line":10,"column":4},"end":{"line":10,"column":33}},{"start":{"line":10,"column":4},"end":{"line":10,"column":33}}],"line":10},"8":{"loc":{"start":{"line":13,"column":25},"end":{"line":17,"column":2}},"type":"binary-expr","locations":[{"start":{"line":13,"column":26},"end":{"line":13,"column":30}},{"start":{"line":13,"column":34},"end":{"line":13,"column":57}},{"start":{"line":13,"column":63},"end":{"line":17,"column":1}}],"line":13},"9":{"loc":{"start":{"line":13,"column":63},"end":{"line":17,"column":1}},"type":"cond-expr","locations":[{"start":{"line":13,"column":80},"end":{"line":15,"column":1}},{"start":{"line":15,"column":5},"end":{"line":17,"column":1}}],"line":13},"10":{"loc":{"start":{"line":18,"column":19},"end":{"line":24,"column":1}},"type":"binary-expr","locations":[{"start":{"line":18,"column":20},"end":{"line":18,"column":24}},{"start":{"line":18,"column":28},"end":{"line":18,"column":45}},{"start":{"line":18,"column":50},"end":{"line":24,"column":1}}],"line":18},"11":{"loc":{"start":{"line":19,"column":4},"end":{"line":19,"column":42}},"type":"if","locations":[{"start":{"line":19,"column":4},"end":{"line":19,"column":42}},{"start":{"line":19,"column":4},"end":{"line":19,"column":42}}],"line":19},"12":{"loc":{"start":{"line":19,"column":8},"end":{"line":19,"column":29}},"type":"binary-expr","locations":[{"start":{"line":19,"column":8},"end":{"line":19,"column":11}},{"start":{"line":19,"column":15},"end":{"line":19,"column":29}}],"line":19},"13":{"loc":{"start":{"line":21,"column":4},"end":{"line":21,"column":141}},"type":"if","locations":[{"start":{"line":21,"column":4},"end":{"line":21,"column":141}},{"start":{"line":21,"column":4},"end":{"line":21,"column":141}}],"line":21},"14":{"loc":{"start":{"line":21,"column":40},"end":{"line":21,"column":141}},"type":"if","locations":[{"start":{"line":21,"column":40},"end":{"line":21,"column":141}},{"start":{"line":21,"column":40},"end":{"line":21,"column":141}}],"line":21},"15":{"loc":{"start":{"line":21,"column":44},"end":{"line":21,"column":107}},"type":"binary-expr","locations":[{"start":{"line":21,"column":44},"end":{"line":21,"column":59}},{"start":{"line":21,"column":63},"end":{"line":21,"column":107}}],"line":21},"16":{"loc":{"start":{"line":25,"column":22},"end":{"line":27,"column":1}},"type":"binary-expr","locations":[{"start":{"line":25,"column":23},"end":{"line":25,"column":27}},{"start":{"line":25,"column":31},"end":{"line":25,"column":51}},{"start":{"line":25,"column":56},"end":{"line":27,"column":1}}],"line":25},"17":{"loc":{"start":{"line":26,"column":11},"end":{"line":26,"column":61}},"type":"cond-expr","locations":[{"start":{"line":26,"column":37},"end":{"line":26,"column":40}},{"start":{"line":26,"column":43},"end":{"line":26,"column":61}}],"line":26},"18":{"loc":{"start":{"line":26,"column":12},"end":{"line":26,"column":33}},"type":"binary-expr","locations":[{"start":{"line":26,"column":12},"end":{"line":26,"column":15}},{"start":{"line":26,"column":19},"end":{"line":26,"column":33}}],"line":26}},"s":{"0":1,"1":0,"2":0,"3":0,"4":0,"5":0,"6":0,"7":0,"8":0,"9":0,"10":0,"11":1,"12":77,"13":0,"14":1,"15":115,"16":38,"17":77,"18":77,"19":77,"20":0,"21":0,"22":77,"23":77,"24":1,"25":1,"26":1,"27":1,"28":1,"29":77,"30":77,"31":1,"32":8,"33":8,"34":24,"35":24,"36":6,"37":6},"f":{"0":0,"1":0,"2":0,"3":77,"4":0,"5":115,"6":1,"7":77,"8":77,"9":8,"10":8,"11":24,"12":24,"13":6,"14":6},"b":{"0":[1,1,1],"1":[1,0],"2":[0,0],"3":[0,0],"4":[0,0],"5":[0,0],"6":[0,0],"7":[0,0],"8":[1,1,1],"9":[1,0],"10":[1,1,1],"11":[38,77],"12":[115,115],"13":[77,0],"14":[0,0],"15":[0,0],"16":[1,1,1],"17":[0,1],"18":[1,1]},"inputSourceMap":{"version":3,"file":"kernel.js","sourceRoot":"","sources":["kernel.ts"],"names":[],"mappings":";;;;;;;;;;;;;;;;;;;;;;;;;;;;AAWA,sFAA4C;AAW5C,gBAAM,CAAC,UAAU,CAAC,QAAQ,CAAC;IACzB,GAAG,EAAE,oGAAsC;CAC5C,CAAC,CAAA;AAkBF,gBAAM,CAAC,UAAU,CAAC,aAAa,CAAC;IAC9B,IAAI,EAAE,GAAG,EAAE,yEAAQ,wBAAwB,GAAC;IAC5C,KAAK,EAAE,GAAG,EAAE,yEAAQ,sBAAsB,GAAC;IAC3C,MAAM,EAAE,GAAG,EAAE,yEAAQ,6BAA6B,GAAC;CACpD,CAAC,CAAA","sourcesContent":["/*\n|--------------------------------------------------------------------------\n| Application middleware\n|--------------------------------------------------------------------------\n|\n| This file is used to define middleware for HTTP requests. You can register\n| middleware as a `closure` or an IoC container binding. The bindings are\n| preferred, since they keep this file clean.\n|\n*/\n\nimport Server from '@ioc:Adonis/Core/Server'\n\n/*\n|--------------------------------------------------------------------------\n| Global middleware\n|--------------------------------------------------------------------------\n|\n| An array of global middleware, that will be executed in the order they\n| are defined for every HTTP requests.\n|\n*/\nServer.middleware.register([\n  () => import('@ioc:Adonis/Core/BodyParser'),\n])\n\n/*\n|--------------------------------------------------------------------------\n| Named middleware\n|--------------------------------------------------------------------------\n|\n| Named middleware are defined as key-value pair. The value is the namespace\n| or middleware function and key is the alias. Later you can use these\n| alias on individual routes. For example:\n|\n| { auth: () => import('App/Middleware/Auth') }\n|\n| and then use it as follows\n|\n| Route.get('dashboard', 'UserController.dashboard').middleware('auth')\n|\n*/\nServer.middleware.registerNamed({\n  auth: () => import('App/Middleware/Authjwt'),\n  admin: () => import('App/Middleware/Admin'),\n  update: () => import('App/Middleware/VerifyUpdate')\n})\n"]},"_coverageSchema":"1a1c01bbd47fc00a2c39e90264f33305004495a9","hash":"68cd49825b3b676cca5cfe4ae0e6ad71c9fe6437","contentHash":"9271df0d9d5dafedc53702eb8ac823628613367ca2dd65af89b9f848392a4db2"},"D:\\Users\\dalia\\Documentos\\Alejo\\Bootcamp Backend Unal\\proyectos\\reto final\\app\\Controllers\\Http\\UsersController.ts":{"path":"D:\\Users\\dalia\\Documentos\\Alejo\\Bootcamp Backend Unal\\proyectos\\reto final\\app\\Controllers\\Http\\UsersController.ts","statementMap":{"0":{"start":{"line":2,"column":22},"end":{"line":4,"column":1}},"1":{"start":{"line":3,"column":4},"end":{"line":3,"column":62}},"2":{"start":{"line":5,"column":0},"end":{"line":5,"column":62}},"3":{"start":{"line":6,"column":15},"end":{"line":6,"column":80}},"4":{"start":{"line":7,"column":23},"end":{"line":7,"column":63}},"5":{"start":{"line":8,"column":14},"end":{"line":8,"column":79}},"6":{"start":{"line":9,"column":26},"end":{"line":9,"column":71}},"7":{"start":{"line":10,"column":15},"end":{"line":10,"column":34}},"8":{"start":{"line":13,"column":120},"end":{"line":13,"column":133}},"9":{"start":{"line":14,"column":22},"end":{"line":14,"column":35}},"10":{"start":{"line":15,"column":19},"end":{"line":15,"column":22}},"11":{"start":{"line":16,"column":21},"end":{"line":16,"column":45}},"12":{"start":{"line":17,"column":29},"end":{"line":17,"column":62}},"13":{"start":{"line":18,"column":8},"end":{"line":20,"column":9}},"14":{"start":{"line":19,"column":12},"end":{"line":19,"column":21}},"15":{"start":{"line":21,"column":8},"end":{"line":39,"column":9}},"16":{"start":{"line":22,"column":23},"end":{"line":34,"column":14}},"17":{"start":{"line":35,"column":12},"end":{"line":35,"column":124}},"18":{"start":{"line":38,"column":12},"end":{"line":38,"column":111}},"19":{"start":{"line":42,"column":36},"end":{"line":42,"column":49}},"20":{"start":{"line":43,"column":8},"end":{"line":68,"column":9}},"21":{"start":{"line":44,"column":25},"end":{"line":44,"column":68}},"22":{"start":{"line":45,"column":12},"end":{"line":48,"column":13}},"23":{"start":{"line":46,"column":16},"end":{"line":46,"column":53}},"24":{"start":{"line":47,"column":16},"end":{"line":47,"column":57}},"25":{"start":{"line":49,"column":34},"end":{"line":49,"column":83}},"26":{"start":{"line":50,"column":12},"end":{"line":52,"column":13}},"27":{"start":{"line":51,"column":16},"end":{"line":51,"column":57}},"28":{"start":{"line":53,"column":28},"end":{"line":56,"column":13}},"29":{"start":{"line":57,"column":26},"end":{"line":57,"column":52}},"30":{"start":{"line":58,"column":12},"end":{"line":64,"column":15}},"31":{"start":{"line":67,"column":12},"end":{"line":67,"column":103}},"32":{"start":{"line":71,"column":22},"end":{"line":73,"column":10}},"33":{"start":{"line":74,"column":8},"end":{"line":74,"column":21}},"34":{"start":{"line":77,"column":20},"end":{"line":77,"column":53}},"35":{"start":{"line":78,"column":8},"end":{"line":82,"column":11}},"36":{"start":{"line":79,"column":12},"end":{"line":81,"column":13}},"37":{"start":{"line":80,"column":16},"end":{"line":80,"column":50}},"38":{"start":{"line":83,"column":8},"end":{"line":83,"column":20}},"39":{"start":{"line":86,"column":20},"end":{"line":86,"column":53}},"40":{"start":{"line":87,"column":24},"end":{"line":87,"column":122}},"41":{"start":{"line":88,"column":8},"end":{"line":88,"column":23}},"42":{"start":{"line":91,"column":8},"end":{"line":111,"column":9}},"43":{"start":{"line":92,"column":24},"end":{"line":93,"column":129}},"44":{"start":{"line":94,"column":26},"end":{"line":105,"column":14}},"45":{"start":{"line":95,"column":16},"end":{"line":104,"column":18}},"46":{"start":{"line":106,"column":12},"end":{"line":106,"column":104}},"47":{"start":{"line":109,"column":12},"end":{"line":109,"column":31}},"48":{"start":{"line":110,"column":12},"end":{"line":110,"column":110}},"49":{"start":{"line":114,"column":26},"end":{"line":114,"column":70}},"50":{"start":{"line":115,"column":8},"end":{"line":138,"column":9}},"51":{"start":{"line":116,"column":12},"end":{"line":118,"column":13}},"52":{"start":{"line":117,"column":16},"end":{"line":117,"column":57}},"53":{"start":{"line":119,"column":24},"end":{"line":121,"column":38}},"54":{"start":{"line":122,"column":25},"end":{"line":133,"column":14}},"55":{"start":{"line":123,"column":16},"end":{"line":132,"column":18}},"56":{"start":{"line":134,"column":12},"end":{"line":134,"column":54}},"57":{"start":{"line":137,"column":12},"end":{"line":137,"column":117}},"58":{"start":{"line":141,"column":110},"end":{"line":141,"column":123}},"59":{"start":{"line":142,"column":8},"end":{"line":161,"column":9}},"60":{"start":{"line":143,"column":25},"end":{"line":143,"column":61}},"61":{"start":{"line":144,"column":12},"end":{"line":146,"column":13}},"62":{"start":{"line":145,"column":16},"end":{"line":145,"column":57}},"63":{"start":{"line":147,"column":12},"end":{"line":156,"column":15}},"64":{"start":{"line":157,"column":12},"end":{"line":157,"column":101}},"65":{"start":{"line":160,"column":12},"end":{"line":160,"column":95}},"66":{"start":{"line":164,"column":0},"end":{"line":164,"column":34}}},"fnMap":{"0":{"name":"(anonymous_0)","decl":{"start":{"line":2,"column":56},"end":{"line":2,"column":57}},"loc":{"start":{"line":2,"column":71},"end":{"line":4,"column":1}},"line":2},"1":{"name":"(anonymous_1)","decl":{"start":{"line":12,"column":4},"end":{"line":12,"column":5}},"loc":{"start":{"line":12,"column":46},"end":{"line":40,"column":5}},"line":12},"2":{"name":"(anonymous_2)","decl":{"start":{"line":41,"column":4},"end":{"line":41,"column":5}},"loc":{"start":{"line":41,"column":43},"end":{"line":69,"column":5}},"line":41},"3":{"name":"(anonymous_3)","decl":{"start":{"line":70,"column":4},"end":{"line":70,"column":5}},"loc":{"start":{"line":70,"column":26},"end":{"line":75,"column":5}},"line":70},"4":{"name":"(anonymous_4)","decl":{"start":{"line":76,"column":4},"end":{"line":76,"column":5}},"loc":{"start":{"line":76,"column":40},"end":{"line":84,"column":5}},"line":76},"5":{"name":"(anonymous_5)","decl":{"start":{"line":78,"column":79},"end":{"line":78,"column":80}},"loc":{"start":{"line":78,"column":90},"end":{"line":82,"column":9}},"line":78},"6":{"name":"(anonymous_6)","decl":{"start":{"line":85,"column":4},"end":{"line":85,"column":5}},"loc":{"start":{"line":85,"column":40},"end":{"line":89,"column":5}},"line":85},"7":{"name":"(anonymous_7)","decl":{"start":{"line":90,"column":4},"end":{"line":90,"column":5}},"loc":{"start":{"line":90,"column":33},"end":{"line":112,"column":5}},"line":90},"8":{"name":"(anonymous_8)","decl":{"start":{"line":94,"column":34},"end":{"line":94,"column":35}},"loc":{"start":{"line":94,"column":44},"end":{"line":105,"column":13}},"line":94},"9":{"name":"(anonymous_9)","decl":{"start":{"line":113,"column":4},"end":{"line":113,"column":5}},"loc":{"start":{"line":113,"column":40},"end":{"line":139,"column":5}},"line":113},"10":{"name":"(anonymous_10)","decl":{"start":{"line":122,"column":33},"end":{"line":122,"column":34}},"loc":{"start":{"line":122,"column":43},"end":{"line":133,"column":13}},"line":122},"11":{"name":"(anonymous_11)","decl":{"start":{"line":140,"column":4},"end":{"line":140,"column":5}},"loc":{"start":{"line":140,"column":52},"end":{"line":162,"column":5}},
[...]
tart":{"line":10,"column":35},"end":{"line":10,"column":93}},"6":{"start":{"line":11,"column":12},"end":{"line":11,"column":131}},"7":{"start":{"line":14,"column":12},"end":{"line":14,"column":123}},"8":{"start":{"line":18,"column":21},"end":{"line":18,"column":42}},"9":{"start":{"line":19,"column":8},"end":{"line":32,"column":9}},"10":{"start":{"line":20,"column":12},"end":{"line":22,"column":13}},"11":{"start":{"line":21,"column":16},"end":{"line":21,"column":80}},"12":{"start":{"line":23,"column":31},"end":{"line":26,"column":14}},"13":{"start":{"line":27,"column":12},"end":{"line":27,"column":38}},"14":{"start":{"line":28,"column":12},"end":{"line":28,"column":110}},"15":{"start":{"line":31,"column":12},"end":{"line":31,"column":114}},"16":{"start":{"line":35,"column":0},"end":{"line":35,"column":43}}},"fnMap":{"0":{"name":"(anonymous_0)","decl":{"start":{"line":2,"column":56},"end":{"line":2,"column":57}},"loc":{"start":{"line":2,"column":71},"end":{"line":4,"column":1}},"line":2},"1":{"name":"(anonymous_1)","decl":{"start":{"line":8,"column":4},"end":{"line":8,"column":5}},"loc":{"start":{"line":8,"column":42},"end":{"line":16,"column":5}},"line":8},"2":{"name":"(anonymous_2)","decl":{"start":{"line":17,"column":4},"end":{"line":17,"column":5}},"loc":{"start":{"line":17,"column":52},"end":{"line":33,"column":5}},"line":17}},"branchMap":{"0":{"loc":{"start":{"line":2,"column":22},"end":{"line":4,"column":1}},"type":"binary-expr","locations":[{"start":{"line":2,"column":23},"end":{"line":2,"column":27}},{"start":{"line":2,"column":31},"end":{"line":2,"column":51}},{"start":{"line":2,"column":56},"end":{"line":4,"column":1}}],"line":2},"1":{"loc":{"start":{"line":3,"column":11},"end":{"line":3,"column":61}},"type":"cond-expr","locations":[{"start":{"line":3,"column":37},"end":{"line":3,"column":40}},{"start":{"line":3,"column":43},"end":{"line":3,"column":61}}],"line":3},"2":{"loc":{"start":{"line":3,"column":12},"end":{"line":3,"column":33}},"type":"binary-expr","locations":[{"start":{"line":3,"column":12},"end":{"line":3,"column":15}},{"start":{"line":3,"column":19},"end":{"line":3,"column":33}}],"line":3},"3":{"loc":{"start":{"line":20,"column":12},"end":{"line":22,"column":13}},"type":"if","locations":[{"start":{"line":20,"column":12},"end":{"line":22,"column":13}},{"start":{"line":20,"column":12},"end":{"line":22,"column":13}}],"line":20}},"s":{"0":1,"1":1,"2":1,"3":1,"4":1,"5":1,"6":1,"7":0,"8":2,"9":2,"10":2,"11":1,"12":1,"13":1,"14":1,"15":1,"16":1},"f":{"0":1,"1":1,"2":2},"b":{"0":[1,1,1],"1":[1,0],"2":[1,1],"3":[1,1]},"inputSourceMap":{"version":3,"file":"TypesDocumentsController.js","sourceRoot":"","sources":["TypesDocumentsController.ts"],"names":[],"mappings":";;;;;AACA,mGAAoD;AAEpD,MAAqB,wBAAwB;IAEpC,KAAK,CAAC,iBAAiB,CAAC,EAAC,QAAQ,EAAsB;QAC5D,IAAG;YACD,MAAM,cAAc,GAAG,MAAO,uBAAa,CAAC,KAAK,EAAE,CAAC,MAAM,CAAC,IAAI,EAAE,MAAM,CAAC,CAAA;YACxE,OAAO,QAAQ,CAAC,MAAM,CAAC,GAAG,CAAC,CAAC,IAAI,CAAC,EAAC,MAAM,EAAE,IAAI,EAAE,OAAO,EAAE,yCAAyC,EAAE,cAAc,EAAC,CAAC,CAAA;SACrH;QACD,MAAK;YACH,OAAO,QAAQ,CAAC,MAAM,CAAC,GAAG,CAAC,CAAC,IAAI,CAAC,EAAC,MAAM,EAAE,KAAK,EAAE,OAAO,EAAE,gDAAgD,EAAC,CAAC,CAAA;SAC7G;IACH,CAAC;IAEM,KAAK,CAAC,kBAAkB,CAAC,EAAC,OAAO,EAAE,QAAQ,EAAsB;QAEtE,MAAM,IAAI,GAAG,OAAO,CAAC,KAAK,CAAC,MAAM,CAAC,CAAA;QAElC,IAAG;YAED,IAAG,CAAC,IAAI,EAAC;gBACP,MAAM,IAAI,KAAK,CAAC,8CAA8C,CAAC,CAAA;aAChE;YAED,IAAI,YAAY,GAAG,MAAM,uBAAa,CAAC,MAAM,CAAC;gBAC5C,IAAI;gBACJ,KAAK,EAAE,IAAI;aACZ,CAAC,CAAA;YACF,MAAM,YAAY,CAAC,IAAI,EAAE,CAAA;YACzB,OAAO,QAAQ,CAAC,MAAM,CAAC,GAAG,CAAC,CAAC,IAAI,CAAC,EAAC,MAAM,EAAE,IAAI,EAAE,OAAO,EAAE,oCAAoC,EAAC,CAAC,CAAA;SAChG;QACD,MAAK;YACH,OAAO,QAAQ,CAAC,MAAM,CAAC,GAAG,CAAC,CAAC,IAAI,CAAC,EAAC,MAAM,EAAE,KAAK,EAAE,OAAO,EAAE,uCAAuC,EAAC,CAAC,CAAA;SACpG;IACH,CAAC;CACF;AAjCD,2CAiCC","sourcesContent":["import type { HttpContextContract } from '@ioc:Adonis/Core/HttpContext'\nimport TypesDocument from 'App/Models/TypesDocument'\n\nexport default class TypesDocumentsController {\n\n  public async getTypesDocuments({response}: HttpContextContract){\n    try{\n      const typesDocuments = await  TypesDocument.query().select('id', 'name')\n      return response.status(200).json({status: true ,message: 'Tipos de documentos obtenidos con exito', typesDocuments})\n    }\n    catch{\n      return response.status(400).json({status: false ,message: 'No se pudieron obtener los tipos de documentos'})\n    }\n  }\n\n  public async createTypeDocument({request, response}: HttpContextContract){\n\n    const name = request.input('name')\n\n    try{\n\n      if(!name){\n        throw new Error('El nombre del tipo de documento es requerido')\n      }\n\n      let typeDocument = await TypesDocument.create({\n        name,\n        state: true\n      })\n      await typeDocument.save()\n      return response.status(200).json({status: true ,message: 'Tipo de documento creado con exito'})\n    }\n    catch{\n      return response.status(400).json({status: false ,message: 'No se pudo crear el tipo de documento'})\n    }\n  }\n}\n"]},"_coverageSchema":"1a1c01bbd47fc00a2c39e90264f33305004495a9","hash":"7652c247b9f370ec2d1377b1638c4709e9670b6f","contentHash":"fa084fdbc3b4f70301d355e12051b2588a641fbd0960e49748fa8b3ee860b7c6"},"D:\\Users\\dalia\\Documentos\\Alejo\\Bootcamp Backend Unal\\proyectos\\reto final\\app\\Models\\TypesDocument.ts":{"path":"D:\\Users\\dalia\\Documentos\\Alejo\\Bootcamp Backend Unal\\proyectos\\reto final\\app\\Models\\TypesDocument.ts","statementMap":{"0":{"start":{"line":2,"column":17},"end":{"line":7,"column":1}},"1":{"start":{"line":3,"column":12},"end":{"line":3,"column":28}},"2":{"start":{"line":3,"column":34},"end":{"line":3,"column":125}},"3":{"start":{"line":4,"column":4},"end":{"line":5,"column":150}},"4":{"start":{"line":4,"column":79},"end":{"line":4,"column":131}},"5":{"start":{"line":5,"column":9},"end":{"line":5,"column":150}},"6":{"start":{"line":5,"column":22},"end":{"line":5,"column":43}},"7":{"start":{"line":5,"column":58},"end":{"line":5,"column":150}},"8":{"start":{"line":5,"column":81},"end":{"line":5,"column":150}},"9":{"start":{"line":6,"column":4},"end":{"line":6,"column":66}},"10":{"start":{"line":8,"column":17},"end":{"line":10,"column":1}},"11":{"start":{"line":9,"column":4},"end":{"line":9,"column":109}},"12":{"start":{"line":9,"column":79},"end":{"line":9,"column":109}},"13":{"start":{"line":12,"column":0},"end":{"line":12,"column":62}},"14":{"start":{"line":13,"column":16},"end":{"line":13,"column":32}},"15":{"start":{"line":14,"column":14},"end":{"line":14,"column":63}},"16":{"start":{"line":17,"column":0},"end":{"line":20,"column":42}},"17":{"start":{"line":21,"column":0},"end":{"line":24,"column":44}},"18":{"start":{"line":25,"column":0},"end":{"line":28,"column":45}},"19":{"start":{"line":29,"column":0},"end":{"line":32,"column":49}},"20":{"start":{"line":33,"column":0},"end":{"line":36,"column":49}},"21":{"start":{"line":37,"column":0},"end":{"line":37,"column":32}}},"fnMap":{"0":{"name":"(anonymous_0)","decl":{"start":{"line":2,"column":46},"end":{"line":2,"column":47}},"loc":{"start":{"line":2,"column":87},"end":{"line":7,"column":1}},"line":2},"1":{"name":"(anonymous_1)","decl":{"start":{"line":8,"column":46},"end":{"line":8,"column":47}},"loc":{"start":{"line":8,"column":62},"end":{"line":10,"column":1}},"line":8}},"branchMap":{"0":{"loc":{"start":{"line":2,"column":17},"end":{"line":7,"column":1}},"type":"binary-expr","locations":[{"start":{"line":2,"column":18},"end":{"line":2,"column":22}},{"start":{"line":2,"column":26},"end":{"line":2,"column":41}},{"start":{"line":2,"column":46},"end":{"line":7,"column":1}}],"line":2},"1":{"loc":{"start":{"line":3,"column":34},"end":{"line":3,"column":125}},"type":"cond-expr","locations":[{"start":{"line":3,"column":42},"end":{"line":3,"column":48}},{"start":{"line":3,"column":51},"end":{"line":3,"column":125}}],"line":3},"2":{"loc":{"start":{"line":3,"column":51},"end":{"line":3,"column":125}},"type":"cond-expr","locations":[{"start":{"line":3,"column":67},"end":{"line":3,"column":118}},{"start":{"line":3,"column":121},"end":{"line":3,"column":125}}],"line":3},"3":{"loc":{"start":{"line":4,"column":4},"end":{"line":5,"column":150}},"type":"if","locations":[{"start":{"line":4,"column":4},"end":{"line":5,"column":150}},{"start":{"line":4,"column":4},"end":{"line":5,"column":150}}],"line":4},"4":{"loc":{"start":{"line":4,"column":8},"end":{"line":4,"column":77}},"type":"binary-expr","locations":[{"start":{"line":4,"column":8},"end":{"line":4,"column":35}},{"start":{"line":4,"column":39},"end":{"line":4,"column":77}}],"line":4},"5":{"loc":{"start":{"line":5,"column":58},"end":{"line":5,"column":150}},"type":"if","locations":[{"start":{"line":5,"column":58},"end":{"line":5,"column":150}},{"start":{"line":5,"column":58},"end":{"line":5,"column":150}}],"line":5},"6":{"loc":{"start":{"line":5,"column":85},"end":{"line":5,"column":149}},"type":"binary-expr","locations":[{"start":{"line":5,"column":86},"end":{"line":5,"column":143}},{"start":{"line":5,"column":148},"end":{"line":5,"column":149}}],"line":5},"7":{"loc":{"start":{"line":5,"column":86},"end":{"line":5,"column":143}},"type":"cond-expr","locations":[{"start":{"line":5,"column":94},"end":{"line":5,"column":98}},{"start":{"line":5,"column":101},"end":{"line":5,"column":143}}],"line":5},"8":{"loc":{"start":{"line":5,"column":101},"end":{"line":5,"column":143}},"type":"cond-expr","locations":[{"start":{"line":5,"column":109},"end":{"line":5,"column":126}},{"start":{"line":5,"column":129},"end":{"line":5,"column":143}}],"line":5},"9":{"loc":{"start":{"line":6,"column":11},"end":{"line":6,"column":62}},"type":"binary-expr","locations":[{"start":{"line":6,"column":11},"end":{"line":6,"column":16}},{"start":{"line":6,"column":20},"end":{"line":6,"column":21}},{"start":{"line":6,"column":25},"end":{"line":6,"column":62}}],"line":6},"10":{"loc":{"start":{"line":8,"column":17},"end":{"line":10,"column":1}},"type":"binary-expr","locations":[{"start":{"line":8,"column":18},"end":{"line":8,"column":22}},{"start":{"line":8,"column":26},"end":{"line":8,"column":41}},{"start":{"line":8,"column":46},"end":{"line":10,"column":1}}],"line":8},"11":{"loc":{"start":{"line":9,"column":4},"end":{"line":9,"column":109}},"type":"if","locations":[{"start":{"line":9,"column":4},"end":{"line":9,"column":109}},{"start":{"line":9,"column":4},"end":{"line":9,"column":109}}],"line":9},"12":{"loc":{"start":{"line":9,"column":8},"end":{"line":9,"column":77}},"type":"binary-expr","locations":[{"start":{"line":9,"column":8},"end":{"line":9,"column":35}},{"start":{"line":9,"column":39},"end":{"line":9,"column":77}}],"line":9},"13":{"loc":{"start":{"line":31,"column":30},"end":{"line":31,"column":132}},"type":"cond-expr","locations":[{"start":{"line":31,"column":121},"end":{"line":31,"column":123}},{"start":{"line":31,"column":126},"end":{"line":31,"column":132}}],"line":31},"14":{"loc":{"start":{"line":31,"column":43},"end":{"line":31,"column":102}},"type":"binary-expr","locations":[{"start":{"line":31,"column":43},"end":{"line":31,"column":82}},{"start":{"line":31,"column":86},"end":{"line":31,"column":102}}],"line":31},"15":{"loc":{"start":{"line":35,"column":30},"end":{"line":35,"column":132}},"type":"cond-expr","locations":[{"start":{"line":35,"column":121},"end":{"line":35,"column":123}},{"start":{"line":35,"column":126},"end":{"line":35,"column":132}}],"line":35},"16":{"loc":{"start":{"line":35,"column":43},"end":{"line":35,"column":102}},"type":"binary-expr","locations":[{"start":{"line":35,"column":43},"end":{"line":35,"column":82}},{"start":{"line":35,"column":86},"end":{"line":35,"column":102}}],"line":35}},"s":{"0":1,"1":5,"2":5,"3":5,"4":5,"5":0,"6":0,"7":0,"8":0,"9":5,"10":1,"11":5,"12":5,"13":1,"14":1,"15":1,"16":1,"17":1,"18":1,"19":1,"20":1,"21":1},"f":{"0":5,"1":5},"b":{"0":[1,1,1],"1":[0,5],"2":[0,5],"3":[5,0],"4":[5,5],"5":[0,0],"6":[0,0],"7":[0,0],"8":[0,0],"9":[5,5,0],"10":[1,1,1],"11":[5,0],"12":[5,5],"13":[1,0],"14":[1,1],"15":[1,0],"16":[1,1]},"inputSourceMap":{"version":3,"file":"TypesDocument.js","sourceRoot":"","sources":["TypesDocument.ts"],"names":[],"mappings":";;;;;;;;;;;;AAAA,iCAAgC;AAChC,gEAA0D;AAG1D,MAAqB,aAAc,SAAQ,eAAS;CAgBnD;AAdC;IADC,IAAA,YAAM,EAAC,EAAE,SAAS,EAAE,IAAI,EAAE,CAAC;;yCACX;AAGjB;IADC,IAAA,YAAM,GAAE;;2CACU;AAGnB;IADC,IAAA,YAAM,GAAE;;4CACY;AAGrB;IADC,YAAM,CAAC,QAAQ,CAAC,EAAE,UAAU,EAAE,IAAI,EAAE,CAAC;kDACpB,gBAAQ,oBAAR,gBAAQ;gDAAA;AAG1B;IADC,YAAM,CAAC,QAAQ,CAAC,EAAE,UAAU,EAAE,IAAI,EAAE,UAAU,EAAE,IAAI,EAAE,CAAC;kDACtC,gBAAQ,oBAAR,gBAAQ;gDAAA;AAd5B,gCAgBC","sourcesContent":["import { DateTime } from 'luxon'\nimport { BaseModel, column  } from '@ioc:Adonis/Lucid/Orm'\n\n\nexport default class TypesDocument extends BaseModel {\n  @column({ isPrimary: true })\n  public id: number\n\n  @column()\n  public name: string\n\n  @column()\n  public state: boolean\n\n  @column.dateTime({ autoCreate: true })\n  public createdAt: DateTime\n\n  @column.dateTime({ autoCreate: true, autoUpdate: true })\n  public updatedAt: DateTime\n\n}\n"]},"_coverageSchema":"1a1c01bbd47fc00a2c39e90264f33305004495a9","hash":"dcab19c8ef94b6b4bb776263e4e9caea4cb54b8c","contentHash":"e7b6d389a3a4f6c09702adadb815f2a1b71d1a93c64e3efb5b5947f5b5e82b1f"},"D:\\Users\\dalia\\Documentos\\Alejo\\Bootcamp Backend Unal\\proyectos\\reto final\\app\\Middleware\\VerifyUpdate.ts":{"path":"D:\\Users\\dalia\\Documentos\\Alejo\\Bootcamp Backend Unal\\proyectos\\reto final\\app\\Middleware\\VerifyUpdate.ts","statementMap":{"0":{"start":{"line":2,"column":22},"end":{"line":4,"column":1}},"1":{"start":{"line":3,"column":4},"end":{"line":3,"column":62}},"2":{"start":{"line":5,"column":0},"end":{"line":5,"column":62}},"3":{"start":{"line":6,"column":26},"end":{"line":6,"column":112}},"4":{"start":{"line":7,"column":15},"end":{"line":7,"column":80}},"5":{"start":{"line":10,"column":36},"end":{"line":10,"column":71}},"6":{"start":{"line":11,"column":25},"end":{"line":11,"column":38}},"7":{"start":{"line":12,"column":8},"end":{"line":36,"column":9}},"8":{"start":{"line":13,"column":12},"end":{"line":15,"column":13}},"9":{"start":{"line":14,"column":16},"end":{"line":14,"column":77}},"10":{"start":{"line":16,"column":35},"end":{"line":16,"column":66}},"11":{"start":{"line":17,"column":27},"end":{"line":17,"column":83}},"12":{"start":{"line":18,"column":25},"end":{"line":18,"column":54}},"13":{"start":{"line":19,"column":12},"end":{"line":19,"column":36}},"14":{"start":{"line":20,"column":26},"end":{"line":20,"column":40}},"15":{"start":{"line":21,"column":26},"end":{"line":21,"column":41}},"16":{"start":{"line":22,"column":12},"end":{"line":22,"column":31}},"17":{"start":{"line":23,"column":12},"end":{"line":23,"column":31}},"18":{"start":{"line":24,"column":12},"end":{"line":26,"column":13}},"19":{"start":{"line":25,"column":16},"end":{"line":25,"column":79}},"20":{"start":{"line":27,"column":12},"end":{"line":27,"column":56}},"21":{"start":{"line":28,"column":12},"end":{"line":28,"column":25}},"22":{"start":{"line":31,"column":12},"end":{"line":31,"column":31}},"23":{"start":{"line":32,"column":12},"end":{"line":35,"column":15}},"24":{"start":{"line":39,"column":0},"end":{"line":39,"column":31}}},"fnMap":{"0":{"name":"(anonymous_0)","decl":{"start":{"line":2,"column":56},"end":{"line":2,"column":57}},"loc":{"start":{"line":2,"column":71},"end":{"line":4,"column":1}},"line":2},"1":{"name":"(anonymous_1)","decl":{"start":{"line":9,"column":4},"end":{"line":9,"column":5}},"loc":{"start":{"line":9,"column":28},"end":{"line":37,"column":5}},"line":9}},"branchMap":{"0":{"loc":{"start":{"line":2,"column":22},"end":{"line":4,"column":1}},"type":"binary-expr","locations":[{"start":{"line":2,"column":23},"end":{"line":2,"column":27}},{"start":{"line":2,"column":31},"end":{"line":2,"column":51}},{"start":{"line":2,"column":56},"end":{"line":4,"column":1}}],"line":2},"1":{"loc":{"start":{"line":3,"column":11},"end":{"line":3,"column":61}},"type":"cond-expr","locations":[{"start":{"line":3,"column":37},"end":{"line":3,"column":40}},{"start":{"line":3,"column":43},"end":{"line":3,"column":61}}],"line":3},"2":{"loc":{"start":{"line":3,"column":12},"end":{"line":3,"column":33}},"type":"binary-expr","locations":[{"start":{"line":3,"column":12},"end":{"line":3,"column":15}},{"start":{"line":3,"column":19},"end":{"line":3,"column":33}}],"line":3},"3":{"loc":{"start":{"line":13,"column":12},"end":{"line":15,"column":13}},"type":"if","locations":[{"start":{"line":13,"column":12},"end":{"line":15,"column":13}},{"start":{"line":13,"column":12},"end":{"line":15,"column":13}}],"line":13},"4":{"loc":{"start":{"line":24,"column":12},"end":{"line":26,"column":13}},"type":"if","locations":[{"start":{"line":24,"column":12},"end":{"line":26,"column":13}},{"start":{"line":24,"column":12},"end":{"line":26,"column":13}}],"line":24},"5":{"loc":{"start":{"line":24,"column":16},"end":{"line":24,"column":31}},"type":"binary-expr","locations":[{"start":{"line":24,"column":16},"end":{"line":24,"column":21}},{"start":{"line":24,"column":25},"end":{"line":24,"column":31}}],"line":24}},"s":{"0":1,"1":2,"2":1,"3":1,"4":1,"5":6,"6":6,"7":6,"8":6,"9":1,"10":5,"11":5,"12":4,"13":4,"14":4,"15":4,"16":4,"17":4,"18":4,"19":1,"20":3,"21":3,"22":3,"23":3,"24":1},"f":{"0":2,"1":6},"b":{"0":[1,1,1],"1":[2,0],"2":[2,2],"3":[1,5],"4":[1,3],"5":[4,4]},"inputSourceMap":{"version":3,"file":"VerifyUpdate.js","sourceRoot":"","sources":["VerifyUpdate.ts"],"names":[],"mappings":";;;;;AACA,iHAAiE;AACjE,iFAAkC;AAElC,MAAqB,YAAY;IACxB,KAAK,CAAC,MAAM,CAAC,GAAwB,EAAE,IAAyB;QAErE,MAAM,mBAAmB,GAAG,GAAG,CAAC,OAAO,CAAC,MAAM,CAAC,eAAe,CAAC,CAAA;QAC/D,MAAM,QAAQ,GAAG,GAAG,CAAC,MAAM,CAAC,EAAE,CAAA;QAC9B,IAAG;YAED,IAAI,mBAAmB,IAAI,SAAS,EAAE;gBACpC,MAAM,IAAI,KAAK,CAAC,2CAA2C,CAAC,CAAA;aAC7D;YAGD,MAAM,cAAc,GAAG,IAAI,yBAAc,EAAE,CAAA;YAC3C,MAAM,EAAC,EAAE,EAAC,GAAG,MAAM,cAAc,CAAC,cAAc,CAAC,mBAAmB,CAAC,CAAA;YACrE,MAAM,IAAI,GAAG,MAAM,cAAI,CAAC,IAAI,CAAC,EAAE,CAAC,CAAA;YAEhC,OAAO,CAAC,GAAG,CAAC,IAAI,EAAE,IAAI,CAAC,CAAC;YAExB,MAAM,KAAK,GAAY,QAAQ,IAAI,EAAE,CAAA;YACrC,MAAM,KAAK,GAAY,IAAI,EAAE,IAAI,IAAI,CAAC,CAAA;YAEtC,OAAO,CAAC,GAAG,CAAC,KAAK,CAAC,CAAC;YACnB,OAAO,CAAC,GAAG,CAAC,KAAK,CAAC,CAAC;YAGnB,IAAI,KAAK,IAAI,CAAC,KAAK,EAAC;gBAElB,MAAM,IAAI,KAAK,CAAC,6CAA6C,CAAC,CAAA;aAC/D;YACD,OAAO,CAAC,GAAG,CAAC,8BAA8B,CAAC,CAAC;YAC5C,MAAM,IAAI,EAAE,CAAA;SACb;QACD,OAAM,KAAK,EAAC;YACV,OAAO,CAAC,GAAG,CAAC,KAAK,CAAC,CAAA;YAClB,OAAO,GAAG,CAAC,QAAQ,CAAC,MAAM,CAAC,GAAG,CAAC,CAAC,IAAI,CAAC;gBACnC,OAAO,EAAE,gBAAgB;gBACzB,MAAM,EAAE,GAAG;aACZ,CAAC,CAAA;SACH;IAEH,CAAC;CACF;AAzCD,+BAyCC","sourcesContent":["import type { HttpContextContract } from '@ioc:Adonis/Core/HttpContext'\nimport UserController from 'App/Controllers/Http/UsersController'\nimport User from 'App/Models/User'\n\nexport default class VerifyUpdate {\n  public async handle(ctx: HttpContextContract, next: () => Promise<void>) {\n\n    const authorizationHeader = ctx.request.header('authorization')\n    const idParams = ctx.params.id\n    try{\n\n      if (authorizationHeader == undefined) {\n        throw new Error('No se encontró el token de autenticación.')\n      }\n\n\n      const userController = new UserController()\n      const {id} = await userController.obtenerPayload(authorizationHeader)\n      const user = await User.find(id)\n\n      console.log(user?.role);\n\n      const boolA: boolean = idParams != id\n      const boolB: boolean = user?.role == 1\n\n      console.log(boolA);\n      console.log(boolB);\n\n\n      if( boolA && !boolB){\n\n        throw new Error('No tiene permisos para realizar esta acción')\n      }\n      console.log('Middleware pasado con éxito.');\n      await next()\n    }\n    catch(error){\n      console.log(error)\n      return ctx.response.status(400).send({\n        message: 'Token inválido',\n        status: 400\n      })\n    }\n\n  }\n}\n"]},"_coverageSchema":"1a1c01bbd47fc00a2c39e90264f33305004495a9","hash":"222c63d246cd60ce8ff2d50714d555c1674afa2f","contentHash":"275deb9eec078a2653b0e6a72c78d2a09149c568056ec486873306e07d7309e4"}}